Log file open, 01/27/18 16:55:26
LogWindows: Failed to load 'aqProf.dll' (GetLastError=126)
LogWindows: File 'aqProf.dll' does not exist
LogWindows: Failed to load 'VSPerf140.dll' (GetLastError=126)
LogWindows: File 'VSPerf140.dll' does not exist
LogWindows: Failed to load 'VtuneApi.dll' (GetLastError=126)
LogWindows: File 'VtuneApi.dll' does not exist
LogWindows: Failed to load 'VtuneApi32e.dll' (GetLastError=126)
LogWindows: File 'VtuneApi32e.dll' does not exist
LogInit: Display: Running engine for game: GGJ2018MA
LogPlatformFile: Not using cached read wrapper
LogInit: Display: RandInit(1924694812) SRandInit(1924694813).
LogInit: Read version file with build ID '3709383'
LogInit: Overriding engine version to CL 3832480, compatible CL 3709383
LogInit: Registered custom module enumerator with build ID '3709383'
LogTaskGraph: Started task graph with 5 named threads and 14 total threads with 3 sets of task threads.
LogStats: Stats thread started at 0.189945
LogD3D11RHI: Aftermath initialized
LogModuleManager: Display: Found up-to-date module file ../../../Engine/Plugins/Runtime/HoudiniEngine/Binaries/Win64/UE4Editor-HoudiniEngineRuntime.dll (API version 3709383).
LogModuleManager: Display: Found up-to-date module file ../../../Engine/Plugins/Runtime/HoudiniEngine/Binaries/Win64/UE4Editor-HoudiniEngineEditor.dll (API version 3709383).
LogModuleManager: Display: Found up-to-date module file ../../../Engine/Plugins/2D/Paper2D/Binaries/Win64/UE4Editor-Paper2D.dll (API version 3709383).
LogModuleManager: Display: Found up-to-date module file ../../../Engine/Plugins/2D/Paper2D/Binaries/Win64/UE4Editor-Paper2DEditor.dll (API version 3709383).
LogModuleManager: Display: Found up-to-date module file ../../../Engine/Plugins/2D/Paper2D/Binaries/Win64/UE4Editor-PaperSpriteSheetImporter.dll (API version 3709383).
LogModuleManager: Display: Found up-to-date module file ../../../Engine/Plugins/2D/Paper2D/Binaries/Win64/UE4Editor-PaperTiledImporter.dll (API version 3709383).
LogModuleManager: Display: Found up-to-date module file ../../../Engine/Plugins/2D/Paper2D/Binaries/Win64/UE4Editor-SmartSnapping.dll (API version 3709383).
LogModuleManager: Display: Found up-to-date module file ../../../Engine/Plugins/Blendables/LightPropagationVolume/Binaries/Win64/UE4Editor-LightPropagationVolumeRuntime.dll (API version 3709383).
LogModuleManager: Display: Found up-to-date module file ../../../Engine/Plugins/Blendables/LightPropagationVolume/Binaries/Win64/UE4Editor-LightPropagationVolumeEditor.dll (API version 3709383).
LogModuleManager: Display: Found up-to-date module file ../../../Engine/Plugins/Developer/GitSourceControl/Binaries/Win64/UE4Editor-GitSourceControl.dll (API version 3709383).
LogModuleManager: Display: Found up-to-date module file ../../../Engine/Plugins/Developer/PerforceSourceControl/Binaries/Win64/UE4Editor-PerforceSourceControl.dll (API version 3709383).
LogModuleManager: Display: Found up-to-date module file ../../../Engine/Plugins/Developer/SubversionSourceControl/Binaries/Win64/UE4Editor-SubversionSourceControl.dll (API version 3709383).
LogModuleManager: Display: Found up-to-date module file ../../../Engine/Plugins/Developer/UObjectPlugin/Binaries/Win64/UE4Editor-UObjectPlugin.dll (API version 3709383).
LogModuleManager: Display: Found up-to-date module file ../../../Engine/Plugins/Developer/VisualStudioCodeSourceCodeAccess/Binaries/Win64/UE4Editor-VisualStudioCodeSourceCodeAccess.dll (API version 3709383).
LogModuleManager: Display: Found up-to-date module file ../../../Engine/Plugins/Developer/VisualStudioSourceCodeAccess/Binaries/Win64/UE4Editor-VisualStudioSourceCodeAccess.dll (API version 3709383).
LogModuleManager: Display: Found up-to-date module file ../../../Engine/Plugins/Editor/AssetManagerEditor/Binaries/Win64/UE4Editor-AssetManagerEditor.dll (API version 3709383).
LogModuleManager: Display: Found up-to-date module file ../../../Engine/Plugins/Editor/AudioCapture/Binaries/Win64/UE4Editor-AudioCapture.dll (API version 3709383).
LogModuleManager: Display: Found up-to-date module file ../../../Engine/Plugins/Editor/FacialAnimation/Binaries/Win64/UE4Editor-FacialAnimation.dll (API version 3709383).
LogModuleManager: Display: Found up-to-date module file ../../../Engine/Plugins/Editor/FacialAnimation/Binaries/Win64/UE4Editor-FacialAnimationEditor.dll (API version 3709383).
LogModuleManager: Display: Found up-to-date module file ../../../Engine/Plugins/Editor/GameplayTagsEditor/Binaries/Win64/UE4Editor-GameplayTagsEditor.dll (API version 3709383).
LogModuleManager: Display: Found up-to-date module file ../../../Engine/Plugins/Editor/MobileLauncherProfileWizard/Binaries/Win64/UE4Editor-MobileLauncherProfileWizard.dll (API version 3709383).
LogModuleManager: Display: Found up-to-date module file ../../../Engine/Plugins/Editor/PluginBrowser/Binaries/Win64/UE4Editor-PluginBrowser.dll (API version 3709383).
LogModuleManager: Display: Found up-to-date module file ../../../Engine/Plugins/Editor/SpeedTreeImporter/Binaries/Win64/UE4Editor-SpeedTreeImporter.dll (API version 3709383).
LogModuleManager: Display: Found up-to-date module file ../../../Engine/Plugins/Experimental/AlembicImporter/Binaries/Win64/UE4Editor-AlembicImporter.dll (API version 3709383).
LogModuleManager: Display: Found up-to-date module file ../../../Engine/Plugins/Experimental/AlembicImporter/Binaries/Win64/UE4Editor-AlembicLibrary.dll (API version 3709383).
LogModuleManager: Display: Found up-to-date module file ../../../Engine/Plugins/Experimental/CharacterAI/Binaries/Win64/UE4Editor-CharacterAI.dll (API version 3709383).
LogModuleManager: Display: Found up-to-date module file ../../../Engine/Plugins/Experimental/HTML5Networking/Binaries/Win64/UE4Editor-HTML5Networking.dll (API version 3709383).
LogModuleManager: Display: Found up-to-date module file ../../../Engine/Plugins/Media/AndroidMedia/Binaries/Win64/UE4Editor-AndroidMediaEditor.dll (API version 3709383).
LogModuleManager: Display: Found up-to-date module file ../../../Engine/Plugins/Media/AndroidMedia/Binaries/Win64/UE4Editor-AndroidMediaFactory.dll (API version 3709383).
LogModuleManager: Display: Found up-to-date module file ../../../Engine/Plugins/Media/AvfMedia/Binaries/Win64/UE4Editor-AvfMediaEditor.dll (API version 3709383).
LogModuleManager: Display: Found up-to-date module file ../../../Engine/Plugins/Media/AvfMedia/Binaries/Win64/UE4Editor-AvfMediaFactory.dll (API version 3709383).
LogModuleManager: Display: Found up-to-date module file ../../../Engine/Plugins/Media/AvfMedia/Binaries/Win64/UE4Editor-AvfMediaFactory.dll (API version 3709383).
LogModuleManager: Display: Found up-to-date module file ../../../Engine/Plugins/Media/ImgMedia/Binaries/Win64/UE4Editor-ImgMedia.dll (API version 3709383).
LogModuleManager: Display: Found up-to-date module file ../../../Engine/Plugins/Media/ImgMedia/Binaries/Win64/UE4Editor-ImgMediaEditor.dll (API version 3709383).
LogModuleManager: Display: Found up-to-date module file ../../../Engine/Plugins/Media/ImgMedia/Binaries/Win64/UE4Editor-ImgMediaFactory.dll (API version 3709383).
LogModuleManager: Display: Found up-to-date module file ../../../Engine/Plugins/Media/ImgMedia/Binaries/Win64/UE4Editor-ImgMediaFactory.dll (API version 3709383).
LogModuleManager: Display: Found up-to-date module file ../../../Engine/Plugins/Media/ImgMedia/Binaries/Win64/UE4Editor-OpenExrWrapper.dll (API version 3709383).
LogModuleManager: Display: Found up-to-date module file ../../../Engine/Plugins/Media/MediaCompositing/Binaries/Win64/UE4Editor-MediaCompositing.dll (API version 3709383).
LogModuleManager: Display: Found up-to-date module file ../../../Engine/Plugins/Media/MediaCompositing/Binaries/Win64/UE4Editor-MediaCompositingEditor.dll (API version 3709383).
LogModuleManager: Display: Found up-to-date module file ../../../Engine/Plugins/Media/MediaPlayerEditor/Binaries/Win64/UE4Editor-MediaPlayerEditor.dll (API version 3709383).
LogModuleManager: Display: Found up-to-date module file ../../../Engine/Plugins/Media/WmfMedia/Binaries/Win64/UE4Editor-WmfMedia.dll (API version 3709383).
LogModuleManager: Display: Found up-to-date module file ../../../Engine/Plugins/Media/WmfMedia/Binaries/Win64/UE4Editor-WmfMediaEditor.dll (API version 3709383).
LogModuleManager: Display: Found up-to-date module file ../../../Engine/Plugins/Media/WmfMedia/Binaries/Win64/UE4Editor-WmfMediaFactory.dll (API version 3709383).
LogModuleManager: Display: Found up-to-date module file ../../../Engine/Plugins/Media/WmfMedia/Binaries/Win64/UE4Editor-WmfMediaFactory.dll (API version 3709383).
LogModuleManager: Display: Found up-to-date module file ../../../Engine/Plugins/Messaging/TcpMessaging/Binaries/Win64/UE4Editor-TcpMessaging.dll (API version 3709383).
LogModuleManager: Display: Found up-to-date module file ../../../Engine/Plugins/Messaging/UdpMessaging/Binaries/Win64/UE4Editor-UdpMessaging.dll (API version 3709383).
LogModuleManager: Display: Found up-to-date module file ../../../Engine/Plugins/MovieScene/ActorSequence/Binaries/Win64/UE4Editor-ActorSequence.dll (API version 3709383).
LogModuleManager: Display: Found up-to-date module file ../../../Engine/Plugins/MovieScene/LevelSequenceEditor/Binaries/Win64/UE4Editor-LevelSequenceEditor.dll (API version 3709383).
LogModuleManager: Display: Found up-to-date module file ../../../Engine/Plugins/MovieScene/MatineeToLevelSequence/Binaries/Win64/UE4Editor-MatineeToLevelSequence.dll (API version 3709383).
LogModuleManager: Display: Found up-to-date module file ../../../Engine/Plugins/Online/OnlineSubsystem/Binaries/Win64/UE4Editor-OnlineSubsystem.dll (API version 3709383).
LogModuleManager: Display: Found up-to-date module file ../../../Engine/Plugins/Runtime/AndroidPermission/Binaries/Win64/UE4Editor-AndroidPermission.dll (API version 3709383).
LogModuleManager: Display: Found up-to-date module file ../../../Engine/Plugins/Online/OnlineSubsystemNull/Binaries/Win64/UE4Editor-OnlineSubsystemNull.dll (API version 3709383).
LogModuleManager: Display: Found up-to-date module file ../../../Engine/Plugins/Online/OnlineSubsystemUtils/Binaries/Win64/UE4Editor-OnlineSubsystemUtils.dll (API version 3709383).
LogModuleManager: Display: Found up-to-date module file ../../../Engine/Plugins/Online/OnlineSubsystemUtils/Binaries/Win64/UE4Editor-OnlineBlueprintSupport.dll (API version 3709383).
LogModuleManager: Display: Found up-to-date module file ../../../Engine/Plugins/Runtime/AndroidDeviceProfileSelector/Binaries/Win64/UE4Editor-AndroidDeviceProfileSelector.dll (API version 3709383).
LogModuleManager: Display: Found up-to-date module file ../../../Engine/Plugins/Runtime/AppleARKit/Binaries/Win64/UE4Editor-AppleARKit.dll (API version 3709383).
LogModuleManager: Display: Found up-to-date module file ../../../Engine/Plugins/Runtime/ArchVisCharacter/Binaries/Win64/UE4Editor-ArchVisCharacter.dll (API version 3709383).
LogModuleManager: Display: Found up-to-date module file ../../../Engine/Plugins/Runtime/CableComponent/Binaries/Win64/UE4Editor-CableComponent.dll (API version 3709383).
LogModuleManager: Display: Found up-to-date module file ../../../Engine/Plugins/Runtime/CustomMeshComponent/Binaries/Win64/UE4Editor-CustomMeshComponent.dll (API version 3709383).
LogModuleManager: Display: Found up-to-date module file ../../../Engine/Plugins/Runtime/ExampleDeviceProfileSelector/Binaries/Win64/UE4Editor-ExampleDeviceProfileSelector.dll (API version 3709383).
LogModuleManager: Display: Found up-to-date module file ../../../Engine/Plugins/Runtime/ImmediatePhysics/Binaries/Win64/UE4Editor-ImmediatePhysics.dll (API version 3709383).
LogModuleManager: Display: Found up-to-date module file ../../../Engine/Plugins/Runtime/ImmediatePhysics/Binaries/Win64/UE4Editor-ImmediatePhysicsEditor.dll (API version 3709383).
LogModuleManager: Display: Found up-to-date module file ../../../Engine/Plugins/Runtime/LocationServicesBPLibrary/Binaries/Win64/UE4Editor-LocationServicesBPLibrary.dll (API version 3709383).
LogModuleManager: Display: Found up-to-date module file ../../../Engine/Plugins/Runtime/MobilePatchingUtils/Binaries/Win64/UE4Editor-MobilePatchingUtils.dll (API version 3709383).
LogModuleManager: Display: Found up-to-date module file ../../../Engine/Plugins/Runtime/Oculus/OculusVR/Binaries/Win64/UE4Editor-OculusHMD.dll (API version 3709383).
LogModuleManager: Display: Found up-to-date module file ../../../Engine/Plugins/Runtime/Oculus/OculusVR/Binaries/Win64/UE4Editor-OculusInput.dll (API version 3709383).
LogModuleManager: Display: Found up-to-date module file ../../../Engine/Plugins/Runtime/Oculus/OculusVR/Binaries/Win64/UE4Editor-OculusEditor.dll (API version 3709383).
LogModuleManager: Display: Found up-to-date module file ../../../Engine/Plugins/Runtime/PhysXVehicles/Binaries/Win64/UE4Editor-PhysXVehicles.dll (API version 3709383).
LogModuleManager: Display: Found up-to-date module file ../../../Engine/Plugins/Runtime/PhysXVehicles/Binaries/Win64/UE4Editor-PhysXVehiclesEditor.dll (API version 3709383).
LogModuleManager: Display: Found up-to-date module file ../../../Engine/Plugins/Runtime/ProceduralMeshComponent/Binaries/Win64/UE4Editor-ProceduralMeshComponent.dll (API version 3709383).
LogModuleManager: Display: Found up-to-date module file ../../../Engine/Plugins/Runtime/ProceduralMeshComponent/Binaries/Win64/UE4Editor-ProceduralMeshComponentEditor.dll (API version 3709383).
LogModuleManager: Display: Found up-to-date module file ../../../Engine/Plugins/Runtime/RuntimePhysXCooking/Binaries/Win64/UE4Editor-RuntimePhysXCooking.dll (API version 3709383).
LogModuleManager: Display: Found up-to-date module file ../../../Engine/Plugins/Runtime/Steam/SteamVR/Binaries/Win64/UE4Editor-SteamVR.dll (API version 3709383).
LogModuleManager: Display: Found up-to-date module file ../../../Engine/Plugins/Runtime/Steam/SteamVR/Binaries/Win64/UE4Editor-SteamVRController.dll (API version 3709383).
LogModuleManager: Display: Found up-to-date module file ../../../Engine/Plugins/Runtime/WindowsMoviePlayer/Binaries/Win64/UE4Editor-WindowsMoviePlayer.dll (API version 3709383).
LogPluginManager: Mounting plugin Paper2D
LogPluginManager: Mounting plugin LightPropagationVolume
LogPluginManager: Mounting plugin CodeLiteSourceCodeAccess
LogPluginManager: Mounting plugin GitSourceControl
LogPluginManager: Mounting plugin KDevelopSourceCodeAccess
LogPluginManager: Mounting plugin NullSourceCodeAccess
LogPluginManager: Mounting plugin PerforceSourceControl
LogPluginManager: Mounting plugin SubversionSourceControl
LogPluginManager: Mounting plugin UObjectPlugin
LogPluginManager: Mounting plugin VisualStudioCodeSourceCodeAccess
LogPluginManager: Mounting plugin VisualStudioSourceCodeAccess
LogPluginManager: Mounting plugin XCodeSourceCodeAccess
LogPluginManager: Mounting plugin AssetManagerEditor
LogPluginManager: Mounting plugin AudioCapture
LogPluginManager: Mounting plugin FacialAnimation
LogPluginManager: Mounting plugin GameplayTagsEditor
LogPluginManager: Mounting plugin MobileLauncherProfileWizard
LogPluginManager: Mounting plugin PluginBrowser
LogPluginManager: Mounting plugin SpeedTreeImporter
LogPluginManager: Mounting plugin AlembicImporter
LogPluginManager: Mounting plugin CharacterAI
LogPluginManager: Mounting plugin HTML5Networking
LogPluginManager: Mounting plugin AndroidMedia
LogPluginManager: Mounting plugin AvfMedia
LogPluginManager: Mounting plugin ImgMedia
LogPluginManager: Mounting plugin MediaCompositing
LogPluginManager: Mounting plugin MediaPlayerEditor
LogPluginManager: Mounting plugin WmfMedia
LogPluginManager: Mounting plugin TcpMessaging
LogPluginManager: Mounting plugin UdpMessaging
LogPluginManager: Mounting plugin ActorSequence
LogPluginManager: Mounting plugin LevelSequenceEditor
LogPluginManager: Mounting plugin MatineeToLevelSequence
LogPluginManager: Mounting plugin OnlineSubsystemGooglePlay
LogPluginManager: Mounting plugin OnlineSubsystemIOS
LogPluginManager: Mounting plugin OnlineSubsystem
LogPluginManager: Mounting plugin OnlineSubsystemNull
LogPluginManager: Mounting plugin OnlineSubsystemUtils
LogPluginManager: Mounting plugin AndroidDeviceProfileSelector
LogPluginManager: Mounting plugin AndroidMoviePlayer
LogPluginManager: Mounting plugin AndroidPermission
LogPluginManager: Mounting plugin AppleARKit
LogPluginManager: Mounting plugin AppleMoviePlayer
LogPluginManager: Mounting plugin ArchVisCharacter
LogPluginManager: Mounting plugin CableComponent
LogPluginManager: Mounting plugin CustomMeshComponent
LogPluginManager: Mounting plugin ExampleDeviceProfileSelector
LogPluginManager: Mounting plugin GoogleCloudMessaging
LogPluginManager: Mounting plugin HoudiniEngine
LogPluginManager: Mounting plugin ImmediatePhysics
LogPluginManager: Mounting plugin IOSDeviceProfileSelector
LogPluginManager: Mounting plugin LinuxDeviceProfileSelector
LogPluginManager: Mounting plugin LocationServicesBPLibrary
LogPluginManager: Mounting plugin MobilePatchingUtils
LogPluginManager: Mounting plugin OculusVR
LogPluginManager: Plugin shader directory ../../../Engine/Plugins/Runtime/Oculus/OculusVR/Shaders found
LogPluginManager: Mapping shader source directory ../../../Engine/Plugins/Runtime/Oculus/OculusVR/Shaders to virtual directory /Plugin/OculusVR
LogPluginManager: Mounting plugin PhysXVehicles
LogPluginManager: Mounting plugin ProceduralMeshComponent
LogPluginManager: Mounting plugin RuntimePhysXCooking
LogPluginManager: Mounting plugin SteamVR
LogPluginManager: Mounting plugin WindowsMoviePlayer
LogInit: Using libcurl 7.47.1
LogInit:  - built for x86_64-pc-win32
LogInit:  - supports SSL with OpenSSL/1.0.2g
LogInit:  - supports HTTP deflate (compression) using libz 1.2.8
LogInit:  - other features:
LogInit:      CURL_VERSION_SSL
LogInit:      CURL_VERSION_LIBZ
LogInit:      CURL_VERSION_IPV6
LogInit:      CURL_VERSION_ASYNCHDNS
LogInit:      CURL_VERSION_LARGEFILE
LogInit:      CURL_VERSION_IDN
LogInit:  CurlRequestOptions (configurable via config and command line):
LogInit:  - bVerifyPeer = false  - Libcurl will NOT verify peer certificate
LogInit:  - bUseHttpProxy = false  - Libcurl will NOT use HTTP proxy
LogInit:  - bDontReuseConnections = false  - Libcurl will reuse connections
LogInit:  - CertBundlePath = nullptr  - Libcurl will use whatever was configured at build time.
LogInit: Build: ++UE4+Release-4.18-CL-3832480
LogInit: Engine Version: 4.18.3-3832480+++UE4+Release-4.18
LogInit: Compatible Engine Version: 4.18.0-3709383+++UE4+Release-4.18
LogInit: Net CL: 3709383
LogDevObjectVersion: Number of dev versions registered: 16
LogDevObjectVersion:   Dev-Blueprints (B0D832E4-1F89-4F0D-ACCF-7EB736FD4AA2): 10
LogDevObjectVersion:   Dev-Build (E1C64328-A22C-4D53-A36C-8E866417BD8C): 0
LogDevObjectVersion:   Dev-Core (375EC13C-06E4-48FB-B500-84F0262A717E): 2
LogDevObjectVersion:   Dev-Editor (E4B068ED-F494-42E9-A231-DA0B2E46BB41): 20
LogDevObjectVersion:   Dev-Framework (CFFC743F-43B0-4480-9391-14DF171D2073): 30
LogDevObjectVersion:   Dev-Mobile (B02B49B5-BB20-44E9-A304-32B752E40360): 0
LogDevObjectVersion:   Dev-Networking (A4E4105C-59A1-49B5-A7C5-40C4547EDFEE): 0
LogDevObjectVersion:   Dev-Online (39C831C9-5AE6-47DC-9A44-9C173E1C8E7C): 0
LogDevObjectVersion:   Dev-Physics (78F01B33-EBEA-4F98-B9B4-84EACCB95AA2): 0
LogDevObjectVersion:   Dev-Platform (6631380F-2D4D-43E0-8009-CF276956A95A): 0
LogDevObjectVersion:   Dev-Rendering (12F88B9F-8875-4AFC-A67C-D90C383ABD29): 20
LogDevObjectVersion:   Dev-Sequencer (7B5AE74C-D270-4C10-A958-57980B212A5A): 4
LogDevObjectVersion:   Dev-VR (D7296918-1DD6-4BDD-9DE2-64A83CC13884): 0
LogDevObjectVersion:   Dev-LoadTimes (C2A15278-BFE7-4AFE-6C17-90FF531DF755): 1
LogDevObjectVersion:   Private-Geometry (6EACA3D4-40EC-4CC1-B786-8BED09428FC5): 1
LogDevObjectVersion:   Dev-AnimPhys (29E575DD-E0A3-4627-9D10-D276232CDCEA): 12
LogInit: Compiled (64-bit): Jan 12 2018 02:04:55
LogInit: Compiled with Visual C++: 19.00.24215.01
LogInit: Build Configuration: Development
LogInit: Branch Name: ++UE4+Release-4.18
LogInit: Command line:  
LogInit: Base directory: C:/Program Files/Epic Games/UE_4.18/Engine/Binaries/Win64/
LogInit: Installed Engine Build: 1
LogInit: Presizing for max 8388607 objects, including 0 objects not considered by GC, pre-allocating 0 bytes for permanent pool.
LogInit: Object subsystem initialized
[2018.01.27-15.55.27:593][  0]LogInit: Selected Device Profile: [Windows]
[2018.01.27-15.55.27:593][  0]LogInit: Applying CVar settings loaded from the selected device profile: [Windows]
[2018.01.27-15.55.27:611][  0]LogInit: Computer: MSI
[2018.01.27-15.55.27:611][  0]LogInit: User: arjan
[2018.01.27-15.55.27:611][  0]LogInit: CPU Page size=4096, Cores=4
[2018.01.27-15.55.27:611][  0]LogInit: High frequency timer resolution =2.742189 MHz
[2018.01.27-15.55.27:611][  0]LogMemory: Memory total: Physical=15.9GB (16GB approx)
[2018.01.27-15.55.27:611][  0]LogMemory: Platform Memory Stats for Windows
[2018.01.27-15.55.27:611][  0]LogMemory: Process Physical Memory: 276.63 MB used, 276.63 MB peak
[2018.01.27-15.55.27:611][  0]LogMemory: Process Virtual Memory: 269.82 MB used, 269.82 MB peak
[2018.01.27-15.55.27:611][  0]LogMemory: Physical Memory: 7777.36 MB used,  8494.35 MB free, 16271.71 MB total
[2018.01.27-15.55.27:611][  0]LogMemory: Virtual Memory: 677.92 MB used,  8494.35 MB free, 134217728.00 MB total
[2018.01.27-15.55.28:999][  0]LogInit: Using OS detected language (en-US).
[2018.01.27-15.55.28:999][  0]LogInit: Using OS detected locale (en-US).
[2018.01.27-15.55.29:003][  0]LogTextLocalizationManager: No specific localization for 'en-US' exists, so the 'en' localization will be used.
[2018.01.27-15.55.29:494][  0]LogInit: Setting process to per monitor DPI aware
[2018.01.27-15.55.29:852][  0]LogD3D11RHI: D3D11 adapters:
[2018.01.27-15.55.29:902][  0]LogD3D11RHI:    0. 'NVIDIA GeForce GTX 1070' (Feature Level 11_0)
[2018.01.27-15.55.29:902][  0]LogD3D11RHI:       8074/0/8135 MB DedicatedVideo/DedicatedSystem/SharedSystem, Outputs:3, VendorId:0x10de
[2018.01.27-15.55.29:913][  0]LogD3D11RHI:    1. 'Intel(R) HD Graphics 630' (Feature Level 11_0)
[2018.01.27-15.55.29:914][  0]LogD3D11RHI:       128/0/8135 MB DedicatedVideo/DedicatedSystem/SharedSystem, Outputs:0, VendorId:0x8086
[2018.01.27-15.55.29:915][  0]LogD3D11RHI:    2. 'Microsoft Basic Render Driver' (Feature Level 11_0)
[2018.01.27-15.55.29:916][  0]LogD3D11RHI:       0/0/8135 MB DedicatedVideo/DedicatedSystem/SharedSystem, Outputs:0, VendorId:0x1414
[2018.01.27-15.55.29:916][  0]LogD3D11RHI: Chosen D3D11 Adapter: 0
[2018.01.27-15.55.29:923][  0]LogD3D11RHI: Creating new Direct3DDevice
[2018.01.27-15.55.29:923][  0]LogD3D11RHI:     GPU DeviceId: 0x1ba1 (for the marketing name, search the web for "GPU Device Id")
[2018.01.27-15.55.29:923][  0]LogWindows: EnumDisplayDevices:
[2018.01.27-15.55.29:924][  0]LogWindows:    0. 'Intel(R) HD Graphics 630' (P:1 D:1)
[2018.01.27-15.55.29:924][  0]LogWindows:    1. 'Intel(R) HD Graphics 630' (P:0 D:0)
[2018.01.27-15.55.29:924][  0]LogWindows:    2. 'Intel(R) HD Graphics 630' (P:0 D:0)
[2018.01.27-15.55.29:924][  0]LogWindows:    3. 'NVIDIA GeForce GTX 1070' (P:0 D:1)
[2018.01.27-15.55.29:924][  0]LogWindows:    4. 'NVIDIA GeForce GTX 1070' (P:0 D:1)
[2018.01.27-15.55.29:924][  0]LogWindows:    5. 'NVIDIA GeForce GTX 1070' (P:0 D:0)
[2018.01.27-15.55.29:925][  0]LogWindows:    6. 'NVIDIA GeForce GTX 1070' (P:0 D:0)
[2018.01.27-15.55.29:925][  0]LogWindows: DebugString: GetVideoDriverDetailsInvalid PrimaryIsNotTheChoosenAdapter GetVideoDriverDetailsInvalid PrimaryIsNotTheChoosenAdapter GetVideoDriverDetailsInvalid PrimaryIsNotTheChoosenAdapter GetVideoDriverDetailsInvalid PrimaryIsNotTheChoosenAdapter GetVideoDriverDetailsInvalid PrimaryIsNotTheChoosenAdapter GetVideoDriverDetailsInvalid PrimaryIsNotTheChoosenAdapter GetVideoDriverDetailsInvalid PrimaryIsNotTheChoosenAdapter FoundDriverCount:0 
[2018.01.27-15.55.29:925][  0]LogD3D11RHI:     Adapter Name: NVIDIA GeForce GTX 1070
[2018.01.27-15.55.29:925][  0]LogD3D11RHI:   Driver Version: Unknown (internal:Unknown, unified:Unknown)
[2018.01.27-15.55.29:925][  0]LogD3D11RHI:      Driver Date: Unknown
[2018.01.27-15.55.29:925][  0]LogRHI: Texture pool is 5651 MB (70% of 8074 MB)
[2018.01.27-15.55.29:955][  0]LogD3D11RHI: Async texture creation enabled
[2018.01.27-15.55.29:968][  0]LogD3D11RHI: GPU Timing Frequency: 1000.000000 (Debug: 2 1)
[2018.01.27-15.55.30:078][  0]LogShaderCompilers: Guid format shader working directory is 7 characters bigger than the processId version (D:/Repositories/GGameJam2018/GGJ2018MA/Intermediate/Shaders/WorkingDirectory/19816/).
[2018.01.27-15.55.30:079][  0]LogShaderCompilers: Cleaned the shader compiler working directory 'C:/Users/arjan/AppData/Local/Temp/UnrealShaderWorkingDir/A2E0DE754EDA948924B7E2BFC9F177F8/'.
[2018.01.27-15.55.30:079][  0]LogShaderCompilers: Display: Using Local Shader Compiler.
[2018.01.27-15.55.31:254][  0]LogTemp: Display: Loaded TP AllDesktopTargetPlatform
[2018.01.27-15.55.31:320][  0]LogTemp: Display: Loaded TP MacClientTargetPlatform
[2018.01.27-15.55.31:381][  0]LogTemp: Display: Loaded TP MacNoEditorTargetPlatform
[2018.01.27-15.55.31:451][  0]LogTemp: Display: Loaded TP MacServerTargetPlatform
[2018.01.27-15.55.31:515][  0]LogTemp: Display: Loaded TP MacTargetPlatform
[2018.01.27-15.55.31:582][  0]LogTemp: Display: Loaded TP WindowsClientTargetPlatform
[2018.01.27-15.55.31:647][  0]LogTemp: Display: Loaded TP WindowsNoEditorTargetPlatform
[2018.01.27-15.55.31:716][  0]LogTemp: Display: Loaded TP WindowsServerTargetPlatform
[2018.01.27-15.55.31:772][  0]LogTemp: Display: Loaded TP WindowsTargetPlatform
[2018.01.27-15.55.31:838][  0]LogTemp: Display: Loaded TP Android_ASTCTargetPlatform
[2018.01.27-15.55.31:906][  0]LogTemp: Display: Loaded TP Android_ATCTargetPlatform
[2018.01.27-15.55.31:974][  0]LogTemp: Display: Loaded TP Android_DXTTargetPlatform
[2018.01.27-15.55.32:043][  0]LogTemp: Display: Loaded TP Android_ETC1TargetPlatform
[2018.01.27-15.55.32:114][  0]LogTemp: Display: Loaded TP Android_ETC2TargetPlatform
[2018.01.27-15.55.32:249][  0]LogTemp: Display: Loaded TP Android_MultiTargetPlatform
[2018.01.27-15.55.32:249][  0]LogTemp: Display: Loaded TP Android_PVRTCTargetPlatform
[2018.01.27-15.55.32:316][  0]LogTemp: Display: Loaded TP AndroidTargetPlatform
[2018.01.27-15.55.32:369][  0]LogTemp: Display: Loaded TP HTML5TargetPlatform
[2018.01.27-15.55.32:479][  0]LogTemp: Display: Loaded TP IOSTargetPlatform
[2018.01.27-15.55.32:510][  0]LogTemp: Display: Loaded TP TVOSTargetPlatform
[2018.01.27-15.55.32:572][  0]LogTemp: Display: Loaded TP LinuxClientTargetPlatform
[2018.01.27-15.55.32:637][  0]LogTemp: Display: Loaded TP LinuxNoEditorTargetPlatform
[2018.01.27-15.55.32:702][  0]LogTemp: Display: Loaded TP LinuxServerTargetPlatform
[2018.01.27-15.55.32:768][  0]LogTemp: Display: Loaded TP LinuxTargetPlatform
[2018.01.27-15.55.32:768][  0]LogTargetPlatformManager: Display: Building Assets For Windows
[2018.01.27-15.55.33:356][  0]LogDerivedDataCache: Display: Max Cache Size: 512 MB
[2018.01.27-15.55.33:443][  0]LogDerivedDataCache: Loaded boot cache 0.09s 78MB C:/Users/arjan/AppData/Local/UnrealEngine/4.18/DerivedDataCache/Boot.ddc.
[2018.01.27-15.55.33:443][  0]LogDerivedDataCache: Display: Loaded Boot cache: C:/Users/arjan/AppData/Local/UnrealEngine/4.18/DerivedDataCache/Boot.ddc
[2018.01.27-15.55.33:443][  0]LogDerivedDataCache: FDerivedDataBackendGraph:  Pak pak cache file D:/Repositories/GGameJam2018/GGJ2018MA/DerivedDataCache/DDC.ddp not found, will not use a pak cache.
[2018.01.27-15.55.33:443][  0]LogDerivedDataCache: Unable to find inner node Pak for hierarchical cache Hierarchy.
[2018.01.27-15.55.33:443][  0]LogDerivedDataCache: FDerivedDataBackendGraph:  CompressedPak pak cache file D:/Repositories/GGameJam2018/GGJ2018MA/DerivedDataCache/Compressed.ddp not found, will not use a pak cache.
[2018.01.27-15.55.33:443][  0]LogDerivedDataCache: Unable to find inner node CompressedPak for hierarchical cache Hierarchy.
[2018.01.27-15.55.33:462][  0]LogDerivedDataCache: Display: Pak cache opened for reading ../../../Engine/DerivedDataCache/Compressed.ddp.
[2018.01.27-15.55.33:474][  0]LogDerivedDataCache: Using Local data cache path C:/Users/arjan/AppData/Local/UnrealEngine/Common/DerivedDataCache: Writable
[2018.01.27-15.55.33:486][  0]LogMaterial: Verifying Global Shaders for PCD3D_SM5
[2018.01.27-15.55.33:486][  0]LogSlate: Using Freetype 2.6.0
[2018.01.27-15.55.33:487][  0]LogSlate: SlateFontCache - WITH_FREETYPE: 1, WITH_HARFBUZZ: 1
[2018.01.27-15.55.33:487][  0]LogSlate: SlateFontCache - WITH_FREETYPE: 1, WITH_HARFBUZZ: 1
[2018.01.27-15.55.33:937][  0]LogInit: Selected Device Profile: [Windows]
[2018.01.27-15.55.34:382][  0]LogSimplygon: Simplygon DLL not present - disabling.
[2018.01.27-15.55.34:442][  0]LogMeshReduction: Using SimplygonSwarm for distributed automatic mesh merging
[2018.01.27-15.55.34:442][  0]LogMeshReduction: Using QuadricMeshReduction for automatic static mesh reduction
[2018.01.27-15.55.34:442][  0]LogMeshReduction: No automatic skeletal mesh reduction module available
[2018.01.27-15.55.34:442][  0]LogMeshReduction: No automatic mesh merging module available
[2018.01.27-15.55.34:442][  0]LogMeshMerging: No automatic mesh merging module available
[2018.01.27-15.55.34:487][  0]LogNetVersion: GGJ2018MA , NetCL: 3709383, EngineNetVer: 2, GameNetVer: 0 (Checksum: 446695456)
[2018.01.27-15.55.34:694][  0]LogAssetRegistry: FAssetRegistry took 0.0264 seconds to start up
[2018.01.27-15.55.35:317][  0]LogPackageLocalizationCache: Processed 8 localized package path(s) for 2 prioritized culture(s) in 0.115910 seconds
[2018.01.27-15.55.35:323][  0]LogUObjectArray: 35870 objects as part of root set at end of initial load.
[2018.01.27-15.55.35:323][  0]LogUObjectAllocator: 7363704 out of 0 bytes used by permanent object pool.
[2018.01.27-15.55.35:323][  0]LogUObjectArray: CloseDisregardForGC: 0/0 objects in disregard for GC pool
[2018.01.27-15.55.35:384][  0]LogInit: WinSock: version 1.1 (2.2), MaxSocks=32767, MaxUdp=65467
[2018.01.27-15.55.38:747][  0]LogTcpMessaging: Initializing TcpMessaging bridge
[2018.01.27-15.55.38:794][  0]LogUdpMessaging: Initializing bridge on interface 0.0.0.0:0 to multicast group 230.0.0.1:6666.
[2018.01.27-15.55.39:668][  0]LogMaterial: Uniform references updated for custom material expression Custom.
[2018.01.27-15.55.40:232][  0]SourceControl: Source control is disabled
[2018.01.27-15.55.40:232][  0]SourceControl: Source control is disabled
[2018.01.27-15.55.40:302][  0]SourceControl: Source control is disabled
[2018.01.27-15.55.40:373][  0]SourceControl: Source control is disabled
[2018.01.27-15.55.41:477][  0]LogAndroidPermission: UAndroidPermissionCallbackProxy::GetInstance
[2018.01.27-15.55.41:762][  0]LogHoudiniEngine: Starting the Houdini Engine module.
[2018.01.27-15.55.41:763][  0]LogHoudiniEngine: Loaded libHAPIL.dll from Registry path D:\Program Files\Side Effects Software\Houdini 16.5.323/bin
[2018.01.27-15.55.41:763][  0]LogLinker: Warning: Asset '../../../Engine/Plugins/Runtime/HoudiniEngine/Content/houdini_logo.uasset' has been saved with empty engine version. The asset will be loaded but may be incompatible.
[2018.01.27-15.55.41:767][  0]LogLinker: Warning: Asset '../../../Engine/Plugins/Runtime/HoudiniEngine/Content/houdini_default_material.uasset' has been saved with empty engine version. The asset will be loaded but may be incompatible.
[2018.01.27-15.55.41:772][  0]LogLinker: Warning: Asset '../../../Engine/Plugins/Runtime/HoudiniEngine/Content/houdini_bgeo_import.uasset' has been saved with empty engine version. The asset will be loaded but may be incompatible.
[2018.01.27-15.55.42:467][  0]LogHoudiniEngine: Successfully intialized the Houdini Engine API module.
[2018.01.27-15.55.42:630][  0]LogOcInput: OculusInput pre-init called
[2018.01.27-15.55.43:011][  0]LogEngine: Initializing Engine...
[2018.01.27-15.55.43:014][  0]LogHMD: Failed to initialize OpenVR with code 110
[2018.01.27-15.55.43:244][  0]LogStats: UGameplayTagsManager::ConstructGameplayTagTree: Construct from data asset -  0.000 s
[2018.01.27-15.55.43:244][  0]LogStats: UGameplayTagsManager::ConstructGameplayTagTree: GameplayTagTreeChangedEvent.Broadcast -  0.000 s
[2018.01.27-15.55.43:405][  0]LogAIModule: Creating AISystem for world Untitled
[2018.01.27-15.55.44:117][  0]LogInit: XAudio2 using 'Headset Earphone (Wireless Controller)' : 2 channels at 32 kHz using 16 bits per sample (channel mask 0x0)
[2018.01.27-15.55.44:149][  0]LogInit: FAudioDevice initialized.
[2018.01.27-15.55.44:206][  0]LogDerivedDataCache: Saved boot cache 0.06s 78MB C:/Users/arjan/AppData/Local/UnrealEngine/4.18/DerivedDataCache/Boot.ddc.
[2018.01.27-15.55.44:220][  0]LogInit: Texture streaming: Enabled
[2018.01.27-15.55.44:350][  0]LogEngineSessionManager: EngineSessionManager initialized
[2018.01.27-15.55.44:530][  0]LogInit: Transaction tracking system initialized
[2018.01.27-15.55.44:961][  0]BlueprintLog: New page: Editor Load
[2018.01.27-15.55.46:111][  0]LocalizationService: Localization service is disabled
[2018.01.27-15.55.47:113][  0]LogConsoleResponse: Display: 
[2018.01.27-15.55.47:321][  0]LogCook: Display: Max memory allowance for cook 16384mb min free memory 0mb
[2018.01.27-15.55.47:321][  0]LogCook: Display: Mobile HDR setting 1
[2018.01.27-15.55.47:321][  0]LogGameplayTags: Display: UGameplayTagsManager::DoneAddingNativeTags. DelegateIsBound: 0
[2018.01.27-15.55.47:966][  0]LogFileCache: Scanning file cache for directory 'D:/Repositories/GGameJam2018/GGJ2018MA/Content/' took 0.01s
[2018.01.27-15.55.48:310][  0]LogHoudiniEngineEditor: Starting the Houdini Engine Editor module.
[2018.01.27-15.55.48:966][  0]SourceControl: Source control is disabled
[2018.01.27-15.55.48:966][  0]Cmd: MAP LOAD FILE="D:/Repositories/GGameJam2018/GGJ2018MA/Content/PuzzleBP/Maps/PuzzleExampleMap.umap" TEMPLATE=0 SHOWPROGRESS=1 FEATURELEVEL=3
[2018.01.27-15.55.48:966][  0]LightingResults: New page: Lighting Build
[2018.01.27-15.55.49:017][  0]MapCheck: New page: Map Check
[2018.01.27-15.55.49:017][  0]LightingResults: New page: Lighting Build
[2018.01.27-15.55.49:628][  0]LogAIModule: Creating AISystem for world PuzzleExampleMap
[2018.01.27-15.55.49:653][  0]LogEditorServer: Finished looking for orphan Actors (0.000 secs)
[2018.01.27-15.55.49:668][  0]Cmd: MAP CHECKDEP NOCLEARLOG
[2018.01.27-15.55.49:729][  0]MapCheck: Map check complete: 0 Error(s), 0 Warning(s), took 61.296ms to complete.
[2018.01.27-15.55.49:729][  0]LogFileHelpers: Loading map 'PuzzleExampleMap' took 0.763
[2018.01.27-15.55.49:940][  0]LogCollectionManager: Loaded 0 collections in 0.001752 seconds
[2018.01.27-15.55.50:043][  0]LogFileCache: Scanning file cache for directory 'D:/Repositories/GGameJam2018/GGJ2018MA/Saved/Collections/' took 0.01s
[2018.01.27-15.55.50:043][  0]LogFileCache: Scanning file cache for directory 'D:/Repositories/GGameJam2018/GGJ2018MA/Content/Developers/arjan/Collections/' took 0.01s
[2018.01.27-15.55.50:043][  0]LogFileCache: Scanning file cache for directory 'D:/Repositories/GGameJam2018/GGJ2018MA/Content/Collections/' took 0.01s
[2018.01.27-15.55.50:043][  0]LogCollectionManager: Rebuilt the GUID cache for 0 collections in 0.000001 seconds
[2018.01.27-15.55.50:055][  0]LogContentBrowser: Native class hierarchy populated in 0.0117 seconds. Added 2397 classes and 526 folders.
[2018.01.27-15.55.50:143][  0]LogContentBrowser: Native class hierarchy updated for 'WidgetCarousel' in 0.0002 seconds. Added 0 classes and 0 folders.
[2018.01.27-15.55.50:186][  0]LogContentBrowser: Native class hierarchy updated for 'AddContentDialog' in 0.0002 seconds. Added 0 classes and 0 folders.
[2018.01.27-15.55.50:276][  0]LogContentBrowser: Native class hierarchy updated for 'SceneOutliner' in 0.0002 seconds. Added 1 classes and 2 folders.
[2018.01.27-15.55.50:357][  0]LogSlate: Took 0.000684 seconds to synchronously load lazily loaded font '../../../Engine/Content/Slate/Fonts/Roboto-Regular.ttf' (155K)
[2018.01.27-15.55.50:363][  0]LogSlate: Took 0.000196 seconds to synchronously load lazily loaded font '../../../Engine/Content/Slate/Fonts/Roboto-Bold.ttf' (160K)
[2018.01.27-15.55.50:368][  0]LogSlate: Took 0.000210 seconds to synchronously load lazily loaded font '../../../Engine/Content/Editor/Slate/Fonts/FontAwesome.ttf' (139K)
[2018.01.27-15.55.50:512][  0]LogRenderer: Reallocating scene render targets to support 1456x668 Format 10 NumSamples 1 (Frame:1).
[2018.01.27-15.55.50:730][  0]LogContentBrowser: Native class hierarchy updated for 'HierarchicalLODOutliner' in 0.0002 seconds. Added 1 classes and 2 folders.
[2018.01.27-15.55.50:730][  0]LogLoad: (Engine Initialization) Total time: 25.75 seconds
[2018.01.27-15.55.50:730][  0]LogLoad: (Engine Initialization) Total Blueprint compile time: 0.00 seconds
[2018.01.27-15.55.50:730][  0]LogExternalProfiler: No external profilers were discovered.  External profiling features will not be available.
[2018.01.27-15.55.51:067][  0]LogWindowsTextInputMethodSystem: Display: IME system now deactivated.
[2018.01.27-15.55.51:094][  0]LogContentStreaming: Texture pool size now 1000 MB
[2018.01.27-15.55.51:853][  0]LogInit: XAudio2 using 'Headphones (Beoplay H8 Stereo)' : 2 channels at 44.1 kHz using 16 bits per sample (channel mask 0x3)
[2018.01.27-15.55.51:941][  0]LogSlate: Took 0.000280 seconds to synchronously load lazily loaded font '../../../Engine/Content/Slate/Fonts/Roboto-Light.ttf' (159K)
[2018.01.27-15.55.51:974][  1]LogAssetRegistry: Asset discovery search completed in 17.3018 seconds
[2018.01.27-15.55.51:977][  1]LogCollectionManager: Rebuilt the object cache for 0 collections in 0.000001 seconds (found 0 objects)
[2018.01.27-15.55.51:977][  1]LogCollectionManager: Fixed up redirectors for 0 collections in 0.000103 seconds (updated 0 objects)
[2018.01.27-15.55.53:056][  2]LogInit: XAudio2 using 'Headphones (Beoplay H8 Stereo)' : 2 channels at 44.1 kHz using 16 bits per sample (channel mask 0x3)
[2018.01.27-15.55.53:092][  2]LogSlate: Took 0.000172 seconds to synchronously load lazily loaded font '../../../Engine/Content/Slate/Fonts/Roboto-Light.ttf' (159K)
[2018.01.27-15.56.14:560][241]LogTemp: Repeating last play command: Selected Viewport
[2018.01.27-15.56.14:603][241]LogBlueprintUserMessages: Early PlayInEditor Detection: Level '/Game/PuzzleBP/Maps/PuzzleExampleMap.PuzzleExampleMap:PersistentLevel' has LevelScriptBlueprint '/Game/PuzzleBP/Maps/PuzzleExampleMap.PuzzleExampleMap:PersistentLevel.PuzzleExampleMap' with GeneratedClass '/Game/PuzzleBP/Maps/PuzzleExampleMap.PuzzleExampleMap_C' with ClassGeneratedBy '/Game/PuzzleBP/Maps/PuzzleExampleMap.PuzzleExampleMap:PersistentLevel.PuzzleExampleMap'
[2018.01.27-15.56.14:604][241]LogPlayLevel: PlayLevel: No blueprints needed recompiling
[2018.01.27-15.56.14:604][241]PIE: New page: PIE session: PuzzleExampleMap (Jan 27, 2018, 5:56:14 PM)
[2018.01.27-15.56.14:604][241]LogPlayLevel: Creating play world package: /Game/PuzzleBP/Maps/UEDPIE_0_PuzzleExampleMap
[2018.01.27-15.56.14:641][241]LogPlayLevel: PIE: StaticDuplicateObject took: (0.036872s)
[2018.01.27-15.56.14:642][241]LogAIModule: Creating AISystem for world PuzzleExampleMap
[2018.01.27-15.56.14:642][241]LogPlayLevel: PIE: World Init took: (0.000864s)
[2018.01.27-15.56.14:642][241]LogPlayLevel: PIE: Created PIE world by copying editor world from /Game/PuzzleBP/Maps/PuzzleExampleMap.PuzzleExampleMap to /Game/PuzzleBP/Maps/UEDPIE_0_PuzzleExampleMap.PuzzleExampleMap (0.038180s)
[2018.01.27-15.56.15:372][241]LogInit: XAudio2 using 'Headphones (Beoplay H8 Stereo)' : 2 channels at 44.1 kHz using 16 bits per sample (channel mask 0x3)
[2018.01.27-15.56.15:402][241]LogInit: FAudioDevice initialized.
[2018.01.27-15.56.15:452][241]LogLoad: Game class is 'PlayMode_C'
[2018.01.27-15.56.15:455][241]LogWorld: Bringing World /Game/PuzzleBP/Maps/UEDPIE_0_PuzzleExampleMap.PuzzleExampleMap up for play (max tick rate 60) at 2018.01.27-16.56.15
[2018.01.27-15.56.15:455][241]LogWorld: Bringing up level for play took: 0.001841
[2018.01.27-15.56.15:509][241]LogContentBrowser: Native class hierarchy updated for 'MovieSceneCapture' in 0.0003 seconds. Added 11 classes and 0 folders.
[2018.01.27-15.56.15:509][241]LogGameMode: Display: Match State Changed from EnteringMap to WaitingToStart
[2018.01.27-15.56.15:510][241]LogGameState: Match State Changed from EnteringMap to WaitingToStart
[2018.01.27-15.56.15:510][241]LogGameMode: Display: Match State Changed from WaitingToStart to InProgress
[2018.01.27-15.56.15:511][241]LogBlueprintUserMessages: [GameController_66] Create All Spawners
[2018.01.27-15.56.15:511][241]LogBlueprintUserMessages: [GameController_66] Create Spawner: 0
[2018.01.27-15.56.15:511][241]LogBlueprintUserMessages: [GameController_66] Create Spawner: 1
[2018.01.27-15.56.15:511][241]LogBlueprintUserMessages: [GameController_66] Create All Spawners Done
[2018.01.27-15.56.15:511][241]LogBlueprintUserMessages: [Player_C_0] Player material set
[2018.01.27-15.56.15:511][241]LogBlueprintUserMessages: [Spawner_C_0] Player is spawned
[2018.01.27-15.56.15:514][241]LogBlueprintUserMessages: [Player_C_1] Player material set
[2018.01.27-15.56.15:514][241]LogBlueprintUserMessages: [Spawner_C_1] Player is spawned
[2018.01.27-15.56.15:514][241]LogBlueprintUserMessages: [GameController_66] Spawning Players done
[2018.01.27-15.56.15:514][241]LogBlueprintUserMessages: [GameController_66] Game Play Start
[2018.01.27-15.56.15:514][241]LogBlueprintUserMessages: [GameController_66] Start Countdown
[2018.01.27-15.56.15:515][241]LogGameState: Match State Changed from WaitingToStart to InProgress
[2018.01.27-15.56.15:515][241]PIE: Play in editor start time for /Game/PuzzleBP/Maps/UEDPIE_0_PuzzleExampleMap 0.82
[2018.01.27-15.56.15:515][241]LogBlueprintUserMessages: Late PlayInEditor Detection: Level '/Game/PuzzleBP/Maps/PuzzleExampleMap.PuzzleExampleMap:PersistentLevel' has LevelScriptBlueprint '/Game/PuzzleBP/Maps/PuzzleExampleMap.PuzzleExampleMap:PersistentLevel.PuzzleExampleMap' with GeneratedClass '/Game/PuzzleBP/Maps/PuzzleExampleMap.PuzzleExampleMap_C' with ClassGeneratedBy '/Game/PuzzleBP/Maps/PuzzleExampleMap.PuzzleExampleMap:PersistentLevel.PuzzleExampleMap'
[2018.01.27-15.56.16:159][278]LogBlueprintUserMessages: [GameController_66] Timer Update
[2018.01.27-15.56.16:159][278]LogBlueprintUserMessages: [GameController_66] CD: 5
[2018.01.27-15.56.17:161][338]LogBlueprintUserMessages: [GameController_66] Timer Update
[2018.01.27-15.56.17:161][338]LogBlueprintUserMessages: [GameController_66] CD: 4
[2018.01.27-15.56.18:163][398]LogBlueprintUserMessages: [GameController_66] Timer Update
[2018.01.27-15.56.18:163][398]LogBlueprintUserMessages: [GameController_66] CD: 3
[2018.01.27-15.56.19:172][456]LogBlueprintUserMessages: [GameController_66] Timer Update
[2018.01.27-15.56.19:172][456]LogBlueprintUserMessages: [GameController_66] CD: 2
[2018.01.27-15.56.20:163][515]LogBlueprintUserMessages: [GameController_66] Timer Update
[2018.01.27-15.56.20:163][515]LogBlueprintUserMessages: [GameController_66] CD: 1
[2018.01.27-15.56.20:163][515]LogBlueprintUserMessages: [GameController_66] Clear CountDown Timer
[2018.01.27-15.56.20:163][515]LogBlueprintUserMessages: [GameController_66] Activate players
[2018.01.27-15.56.23:632][721]LogBlueprintUserMessages: [Player_C_1] Player start overlap with obstacle
[2018.01.27-15.56.23:632][721]LogBlueprintUserMessages: [Player_C_1] Player Speed: 0.8
[2018.01.27-15.56.23:632][721]LogBlueprintUserMessages: [ObstacleSlow12_918] Obstacle Player Active: 1
[2018.01.27-15.56.24:748][788]LogBlueprintUserMessages: [Player_C_0] Player start overlap with obstacle
[2018.01.27-15.56.24:749][788]LogBlueprintUserMessages: [Player_C_1] Player start overlap with obstacle
[2018.01.27-15.56.24:749][788]LogBlueprintUserMessages: [Player_C_1] Player end overlap with obstacle
[2018.01.27-15.56.24:749][788]LogBlueprintUserMessages: [Player_C_0] Player end overlap with obstacle
[2018.01.27-15.56.24:765][789]LogBlueprintUserMessages: [Player_C_0] Player start overlap with obstacle
[2018.01.27-15.56.24:766][789]LogBlueprintUserMessages: [Player_C_1] Player start overlap with obstacle
[2018.01.27-15.56.24:766][789]LogBlueprintUserMessages: [Player_C_1] Player end overlap with obstacle
[2018.01.27-15.56.24:766][789]LogBlueprintUserMessages: [Player_C_0] Player end overlap with obstacle
[2018.01.27-15.56.24:782][790]LogBlueprintUserMessages: [Player_C_0] Player start overlap with obstacle
[2018.01.27-15.56.24:782][790]LogBlueprintUserMessages: [Player_C_1] Player start overlap with obstacle
[2018.01.27-15.56.26:783][910]LogBlueprintUserMessages: [Player_C_0] Player start overlap with obstacle
[2018.01.27-15.56.26:783][910]LogBlueprintUserMessages: [Player_C_0] Player Speed: 0.8
[2018.01.27-15.56.26:783][910]LogBlueprintUserMessages: [ObstacleSlow12_918] Obstacle Player Active: 2
[2018.01.27-15.56.27:483][952]LogBlueprintUserMessages: [Player_C_1] Player end overlap with obstacle
[2018.01.27-15.56.27:483][952]LogBlueprintUserMessages: [Player_C_1] Player Speed: 1.0
[2018.01.27-15.56.28:250][998]LogBlueprintUserMessages: [Player_C_1] Player end overlap with obstacle
[2018.01.27-15.56.28:250][998]LogBlueprintUserMessages: [Player_C_0] Player end overlap with obstacle
[2018.01.27-15.56.28:267][999]LogBlueprintUserMessages: [Player_C_0] Player start overlap with obstacle
[2018.01.27-15.56.28:267][999]LogBlueprintUserMessages: [Player_C_1] Player start overlap with obstacle
[2018.01.27-15.56.28:267][999]LogBlueprintUserMessages: [Player_C_1] Player end overlap with obstacle
[2018.01.27-15.56.28:267][999]LogBlueprintUserMessages: [Player_C_0] Player end overlap with obstacle
[2018.01.27-15.56.30:717][146]LogBlueprintUserMessages: [Player_C_1] Player start overlap with obstacle
[2018.01.27-15.56.30:717][146]LogBlueprintUserMessages: [Player_C_1] Player Speed: 0.8
[2018.01.27-15.56.30:718][146]LogBlueprintUserMessages: [ObstacleSlow16_962] Obstacle Player Active: 1
[2018.01.27-15.56.34:244][357]LogBlueprintUserMessages: [Player_C_0] Player end overlap with obstacle
[2018.01.27-15.56.34:244][357]LogBlueprintUserMessages: [Player_C_0] Player Speed: 1.0
[2018.01.27-15.56.34:244][357]LogBlueprintUserMessages: [ObstacleSlow12_918] Obstacle Player no longer Active: 0
[2018.01.27-15.56.36:611][499]LogBlueprintUserMessages: [Player_C_1] Player end overlap with obstacle
[2018.01.27-15.56.36:611][499]LogBlueprintUserMessages: [Player_C_1] Player Speed: 1.0
[2018.01.27-15.56.36:611][499]LogBlueprintUserMessages: [ObstacleSlow16_962] Obstacle Player no longer Active: 0
[2018.01.27-15.56.39:445][669]LogBlueprintUserMessages: [Player_C_1] Player start overlap with obstacle
[2018.01.27-15.56.39:446][669]LogBlueprintUserMessages: [Player_C_1] Player Speed: 0.8
[2018.01.27-15.56.39:446][669]LogBlueprintUserMessages: [ObstacleSlow10_896] Obstacle Player Active: 1
[2018.01.27-15.56.47:306][125]LogBlueprintUserMessages: [Player_C_0] Player start overlap with obstacle
[2018.01.27-15.56.47:307][125]LogBlueprintUserMessages: [Player_C_0] Player Speed: 0.8
[2018.01.27-15.56.47:307][125]LogBlueprintUserMessages: [ObstacleSlow7_863] Obstacle Player Active: 1
[2018.01.27-15.56.50:796][134]LogBlueprintUserMessages: [Player_C_1] Player start overlap with obstacle
[2018.01.27-15.56.50:796][134]LogBlueprintUserMessages: [Player_C_1] Player Speed: 0.3
[2018.01.27-15.56.50:796][134]LogBlueprintUserMessages: [ObstacleSlow2_172] Obstacle Player Active: 1
[2018.01.27-15.56.52:171][158]LogBlueprintUserMessages: [Player_C_0] Player end overlap with obstacle
[2018.01.27-15.56.52:172][158]LogBlueprintUserMessages: [Player_C_0] Player Speed: 1.0
[2018.01.27-15.56.52:172][158]LogBlueprintUserMessages: [ObstacleSlow7_863] Obstacle Player no longer Active: 0
[2018.01.27-15.56.59:827][218]LogBlueprintUserMessages: [Player_C_1] Player end overlap with obstacle
[2018.01.27-15.56.59:827][218]LogBlueprintUserMessages: [Player_C_1] Player Speed: 0.5
[2018.01.27-15.56.59:827][218]LogBlueprintUserMessages: [ObstacleSlow10_896] Obstacle Player no longer Active: 0
[2018.01.27-15.57.03:494][229]LogBlueprintUserMessages: [Player_C_0] Player start overlap with obstacle
[2018.01.27-15.57.03:494][229]LogBlueprintUserMessages: [Player_C_0] Player Speed: 0.8
[2018.01.27-15.57.03:494][229]LogBlueprintUserMessages: [ObstacleSlow8_874] Obstacle Player Active: 1
[2018.01.27-15.57.08:494][244]LogBlueprintUserMessages: [Player_C_0] Player start overlap with obstacle
[2018.01.27-15.57.08:494][244]LogBlueprintUserMessages: [Player_C_0] Player Speed: 2.8
[2018.01.27-15.57.08:494][244]LogBlueprintUserMessages: [ObstacleFast3_308] Obstacle Player Active: 1
[2018.01.27-15.57.08:827][245]LogBlueprintUserMessages: [Player_C_0] Player end overlap with obstacle
[2018.01.27-15.57.08:827][245]LogBlueprintUserMessages: [Player_C_0] Player Speed: 3.0
[2018.01.27-15.57.08:827][245]LogBlueprintUserMessages: [ObstacleSlow8_874] Obstacle Player no longer Active: 0
[2018.01.27-15.57.11:495][253]LogBlueprintUserMessages: [Player_C_0] Player end overlap with obstacle
[2018.01.27-15.57.11:495][253]LogBlueprintUserMessages: [Player_C_0] Player Speed: 1.0
[2018.01.27-15.57.11:495][253]LogBlueprintUserMessages: [ObstacleFast3_308] Obstacle Player no longer Active: 0
[2018.01.27-15.57.12:827][257]LogBlueprintUserMessages: [Player_C_1] Player start overlap with obstacle
[2018.01.27-15.57.12:827][257]LogBlueprintUserMessages: [Player_C_1] Player Speed: 2.5
[2018.01.27-15.57.12:827][257]LogBlueprintUserMessages: [ObstacleFast2_297] Obstacle Player Active: 1
[2018.01.27-15.57.13:828][260]LogBlueprintUserMessages: [Player_C_1] Player end overlap with obstacle
[2018.01.27-15.57.13:828][260]LogBlueprintUserMessages: [Player_C_1] Player Speed: 3.0
[2018.01.27-15.57.13:829][260]LogBlueprintUserMessages: [ObstacleSlow2_172] Obstacle Player no longer Active: 0
[2018.01.27-15.57.16:161][267]LogBlueprintUserMessages: [Player_C_1] Player end overlap with obstacle
[2018.01.27-15.57.16:161][267]LogBlueprintUserMessages: [Player_C_1] Player Speed: 1.0
[2018.01.27-15.57.16:161][267]LogBlueprintUserMessages: [ObstacleFast2_297] Obstacle Player no longer Active: 0
[2018.01.27-15.57.52:868][379]LogBlueprintUserMessages: Early EndPlayMap Detection: Level '/Game/PuzzleBP/Maps/PuzzleExampleMap.PuzzleExampleMap:PersistentLevel' has LevelScriptBlueprint '/Game/PuzzleBP/Maps/PuzzleExampleMap.PuzzleExampleMap:PersistentLevel.PuzzleExampleMap' with GeneratedClass '/Game/PuzzleBP/Maps/PuzzleExampleMap.PuzzleExampleMap_C' with ClassGeneratedBy '/Game/PuzzleBP/Maps/PuzzleExampleMap.PuzzleExampleMap:PersistentLevel.PuzzleExampleMap'
[2018.01.27-15.57.52:902][379]LogBlueprintUserMessages: Late EndPlayMap Detection: Level '/Game/PuzzleBP/Maps/PuzzleExampleMap.PuzzleExampleMap:PersistentLevel' has LevelScriptBlueprint '/Game/PuzzleBP/Maps/PuzzleExampleMap.PuzzleExampleMap:PersistentLevel.PuzzleExampleMap' with GeneratedClass '/Game/PuzzleBP/Maps/PuzzleExampleMap.PuzzleExampleMap_C' with ClassGeneratedBy '/Game/PuzzleBP/Maps/PuzzleExampleMap.PuzzleExampleMap:PersistentLevel.PuzzleExampleMap'
[2018.01.27-15.57.52:912][379]LogActorComponent: UnregisterComponent: (/Game/PuzzleBP/Maps/UEDPIE_0_PuzzleExampleMap.PuzzleExampleMap:PersistentLevel.Mihnea_levelgenerator_7.None) Not registered. Aborting.
[2018.01.27-15.57.52:912][379]LogActorComponent: UnregisterComponent: (/Game/PuzzleBP/Maps/UEDPIE_0_PuzzleExampleMap.PuzzleExampleMap:PersistentLevel.Mihnea_levelgenerator_7.None) Not registered. Aborting.
[2018.01.27-15.57.52:912][379]LogActorComponent: UnregisterComponent: (/Game/PuzzleBP/Maps/UEDPIE_0_PuzzleExampleMap.PuzzleExampleMap:PersistentLevel.Mihnea_levelgenerator_7.HoudiniInstancedActorComponent_2) Not registered. Aborting.
[2018.01.27-15.57.52:918][379]LogActorComponent: UnregisterComponent: (/Game/PuzzleBP/Maps/UEDPIE_0_PuzzleExampleMap.PuzzleExampleMap:PersistentLevel.Mihnea_levelgenerator_7.None) Not registered. Aborting.
[2018.01.27-15.57.53:591][414]LogTemp: Repeating last play command: Selected Viewport
[2018.01.27-15.57.53:611][414]LogBlueprintUserMessages: Early PlayInEditor Detection: Level '/Game/PuzzleBP/Maps/PuzzleExampleMap.PuzzleExampleMap:PersistentLevel' has LevelScriptBlueprint '/Game/PuzzleBP/Maps/PuzzleExampleMap.PuzzleExampleMap:PersistentLevel.PuzzleExampleMap' with GeneratedClass '/Game/PuzzleBP/Maps/PuzzleExampleMap.PuzzleExampleMap_C' with ClassGeneratedBy '/Game/PuzzleBP/Maps/PuzzleExampleMap.PuzzleExampleMap:PersistentLevel.PuzzleExampleMap'
[2018.01.27-15.57.53:611][414]LogPlayLevel: PlayLevel: No blueprints needed recompiling
[2018.01.27-15.57.53:611][414]PIE: New page: PIE session: PuzzleExampleMap (Jan 27, 2018, 5:57:53 PM)
[2018.01.27-15.57.53:611][414]LogPlayLevel: Creating play world package: /Game/PuzzleBP/Maps/UEDPIE_0_PuzzleExampleMap
[2018.01.27-15.57.53:634][414]LogPlayLevel: PIE: StaticDuplicateObject took: (0.023219s)
[2018.01.27-15.57.53:635][414]LogAIModule: Creating AISystem for world PuzzleExampleMap
[2018.01.27-15.57.53:636][414]LogPlayLevel: PIE: World Init took: (0.001012s)
[2018.01.27-15.57.53:636][414]LogPlayLevel: PIE: Created PIE world by copying editor world from /Game/PuzzleBP/Maps/PuzzleExampleMap.PuzzleExampleMap to /Game/PuzzleBP/Maps/UEDPIE_0_PuzzleExampleMap.PuzzleExampleMap (0.024647s)
[2018.01.27-15.57.54:360][414]LogInit: XAudio2 using 'Headphones (Beoplay H8 Stereo)' : 2 channels at 44.1 kHz using 16 bits per sample (channel mask 0x3)
[2018.01.27-15.57.54:393][414]LogInit: FAudioDevice initialized.
[2018.01.27-15.57.54:425][414]LogLoad: Game class is 'PlayMode_C'
[2018.01.27-15.57.54:427][414]LogWorld: Bringing World /Game/PuzzleBP/Maps/UEDPIE_0_PuzzleExampleMap.PuzzleExampleMap up for play (max tick rate 60) at 2018.01.27-16.57.54
[2018.01.27-15.57.54:427][414]LogWorld: Bringing up level for play took: 0.001819
[2018.01.27-15.57.54:428][414]LogGameMode: Display: Match State Changed from EnteringMap to WaitingToStart
[2018.01.27-15.57.54:428][414]LogGameState: Match State Changed from EnteringMap to WaitingToStart
[2018.01.27-15.57.54:428][414]LogGameMode: Display: Match State Changed from WaitingToStart to InProgress
[2018.01.27-15.57.54:429][414]LogBlueprintUserMessages: [GameController_66] Create All Spawners
[2018.01.27-15.57.54:429][414]LogBlueprintUserMessages: [GameController_66] Create Spawner: 0
[2018.01.27-15.57.54:429][414]LogBlueprintUserMessages: [GameController_66] Create Spawner: 1
[2018.01.27-15.57.54:429][414]LogBlueprintUserMessages: [GameController_66] Create All Spawners Done
[2018.01.27-15.57.54:429][414]LogBlueprintUserMessages: [Player_C_0] Player material set
[2018.01.27-15.57.54:429][414]LogBlueprintUserMessages: [Spawner_C_0] Player is spawned
[2018.01.27-15.57.54:431][414]LogBlueprintUserMessages: [Player_C_1] Player material set
[2018.01.27-15.57.54:431][414]LogBlueprintUserMessages: [Spawner_C_1] Player is spawned
[2018.01.27-15.57.54:431][414]LogBlueprintUserMessages: [GameController_66] Spawning Players done
[2018.01.27-15.57.54:432][414]LogBlueprintUserMessages: [GameController_66] Game Play Start
[2018.01.27-15.57.54:432][414]LogBlueprintUserMessages: [GameController_66] Start Countdown
[2018.01.27-15.57.54:432][414]LogGameState: Match State Changed from WaitingToStart to InProgress
[2018.01.27-15.57.54:432][414]PIE: Play in editor start time for /Game/PuzzleBP/Maps/UEDPIE_0_PuzzleExampleMap 1.738
[2018.01.27-15.57.54:433][414]LogBlueprintUserMessages: Late PlayInEditor Detection: Level '/Game/PuzzleBP/Maps/PuzzleExampleMap.PuzzleExampleMap:PersistentLevel' has LevelScriptBlueprint '/Game/PuzzleBP/Maps/PuzzleExampleMap.PuzzleExampleMap:PersistentLevel.PuzzleExampleMap' with GeneratedClass '/Game/PuzzleBP/Maps/PuzzleExampleMap.PuzzleExampleMap_C' with ClassGeneratedBy '/Game/PuzzleBP/Maps/PuzzleExampleMap.PuzzleExampleMap:PersistentLevel.PuzzleExampleMap'
[2018.01.27-15.57.55:067][451]LogBlueprintUserMessages: [GameController_66] Timer Update
[2018.01.27-15.57.55:067][451]LogBlueprintUserMessages: [GameController_66] CD: 5
[2018.01.27-15.57.56:067][511]LogBlueprintUserMessages: [GameController_66] Timer Update
[2018.01.27-15.57.56:067][511]LogBlueprintUserMessages: [GameController_66] CD: 4
[2018.01.27-15.57.57:067][571]LogBlueprintUserMessages: [GameController_66] Timer Update
[2018.01.27-15.57.57:067][571]LogBlueprintUserMessages: [GameController_66] CD: 3
[2018.01.27-15.57.58:067][631]LogBlueprintUserMessages: [GameController_66] Timer Update
[2018.01.27-15.57.58:067][631]LogBlueprintUserMessages: [GameController_66] CD: 2
[2018.01.27-15.57.59:067][691]LogBlueprintUserMessages: [GameController_66] Timer Update
[2018.01.27-15.57.59:067][691]LogBlueprintUserMessages: [GameController_66] CD: 1
[2018.01.27-15.57.59:068][691]LogBlueprintUserMessages: [GameController_66] Clear CountDown Timer
[2018.01.27-15.57.59:068][691]LogBlueprintUserMessages: [GameController_66] Activate players
[2018.01.27-15.57.59:635][725]LogBlueprintUserMessages: Early EndPlayMap Detection: Level '/Game/PuzzleBP/Maps/PuzzleExampleMap.PuzzleExampleMap:PersistentLevel' has LevelScriptBlueprint '/Game/PuzzleBP/Maps/PuzzleExampleMap.PuzzleExampleMap:PersistentLevel.PuzzleExampleMap' with GeneratedClass '/Game/PuzzleBP/Maps/PuzzleExampleMap.PuzzleExampleMap_C' with ClassGeneratedBy '/Game/PuzzleBP/Maps/PuzzleExampleMap.PuzzleExampleMap:PersistentLevel.PuzzleExampleMap'
[2018.01.27-15.57.59:668][725]LogBlueprintUserMessages: Late EndPlayMap Detection: Level '/Game/PuzzleBP/Maps/PuzzleExampleMap.PuzzleExampleMap:PersistentLevel' has LevelScriptBlueprint '/Game/PuzzleBP/Maps/PuzzleExampleMap.PuzzleExampleMap:PersistentLevel.PuzzleExampleMap' with GeneratedClass '/Game/PuzzleBP/Maps/PuzzleExampleMap.PuzzleExampleMap_C' with ClassGeneratedBy '/Game/PuzzleBP/Maps/PuzzleExampleMap.PuzzleExampleMap:PersistentLevel.PuzzleExampleMap'
[2018.01.27-15.57.59:678][725]LogActorComponent: UnregisterComponent: (/Game/PuzzleBP/Maps/UEDPIE_0_PuzzleExampleMap.PuzzleExampleMap:PersistentLevel.Mihnea_levelgenerator_7.None) Not registered. Aborting.
[2018.01.27-15.57.59:678][725]LogActorComponent: UnregisterComponent: (/Game/PuzzleBP/Maps/UEDPIE_0_PuzzleExampleMap.PuzzleExampleMap:PersistentLevel.Mihnea_levelgenerator_7.None) Not registered. Aborting.
[2018.01.27-15.57.59:678][725]LogActorComponent: UnregisterComponent: (/Game/PuzzleBP/Maps/UEDPIE_0_PuzzleExampleMap.PuzzleExampleMap:PersistentLevel.Mihnea_levelgenerator_7.HoudiniInstancedActorComponent_2) Not registered. Aborting.
[2018.01.27-15.57.59:681][725]LogActorComponent: UnregisterComponent: (/Game/PuzzleBP/Maps/UEDPIE_0_PuzzleExampleMap.PuzzleExampleMap:PersistentLevel.Mihnea_levelgenerator_7.None) Not registered. Aborting.
[2018.01.27-15.59.23:372][235]LogDirectoryWatcher: Warning: Failed to begin reading directory changes for D:/Repositories/GGameJam2018/GGJ2018MA/Plugins/. Error: The system cannot find the file specified. (0x00000002)
[2018.01.27-16.00.16:362][409]Cmd: CLOSE_SLATE_MAINFRAME
[2018.01.27-16.00.16:472][409]LogDirectoryWatcher: A directory notification for '../../../Engine/Plugins/' was aborted.
[2018.01.27-16.00.16:476][409]LogWindowsTextInputMethodSystem: Display: IME system now deactivated.
[2018.01.27-16.00.16:721][410]Cmd: QUIT_EDITOR
[2018.01.27-16.00.17:168][410]LogExit: Preparing to exit.
[2018.01.27-16.00.17:916][410]LogActorComponent: UnregisterComponent: (None.None:None.None.StaticMeshComponent_11) Not registered. Aborting.
[2018.01.27-16.00.17:917][410]LogActorComponent: UnregisterComponent: (None.None:None.None.HoudiniInstancedActorComponent_0) Not registered. Aborting.
[2018.01.27-16.00.17:917][410]LogSpawn: Warning: Destroying None.None:None.ObstacleSlow2_172, which doesn't have a valid world pointer
[2018.01.27-16.00.17:917][410]LogSpawn: Warning: Destroying None.None:None.ObstacleSlow3_183, which doesn't have a valid world pointer
[2018.01.27-16.00.17:917][410]LogSpawn: Warning: Destroying None.None:None.ObstacleSlow4_194, which doesn't have a valid world pointer
[2018.01.27-16.00.17:917][410]LogActorComponent: UnregisterComponent: (None.None:None.None.HoudiniInstancedActorComponent_1) Not registered. Aborting.
[2018.01.27-16.00.17:917][410]LogSpawn: Warning: Destroying None.None:None.ObstacleFast_286, which doesn't have a valid world pointer
[2018.01.27-16.00.17:917][410]LogSpawn: Warning: Destroying None.None:None.ObstacleFast2_297, which doesn't have a valid world pointer
[2018.01.27-16.00.17:917][410]LogSpawn: Warning: Destroying None.None:None.ObstacleFast3_308, which doesn't have a valid world pointer
[2018.01.27-16.00.17:917][410]LogSpawn: Warning: Destroying None.None:None.ObstacleFast4_319, which doesn't have a valid world pointer
[2018.01.27-16.00.17:917][410]LogSpawn: Warning: Destroying None.None:None.ObstacleFast5_330, which doesn't have a valid world pointer
[2018.01.27-16.00.17:917][410]LogActorComponent: UnregisterComponent: (None.None:None.None.HoudiniInstancedActorComponent_2) Not registered. Aborting.
[2018.01.27-16.00.17:917][410]LogSpawn: Warning: Destroying None.None:None.ObstacleSlow_830, which doesn't have a valid world pointer
[2018.01.27-16.00.17:917][410]LogSpawn: Warning: Destroying None.None:None.ObstacleSlow5_841, which doesn't have a valid world pointer
[2018.01.27-16.00.17:917][410]LogSpawn: Warning: Destroying None.None:None.ObstacleSlow6_852, which doesn't have a valid world pointer
[2018.01.27-16.00.17:917][410]LogSpawn: Warning: Destroying None.None:None.ObstacleSlow7_863, which doesn't have a valid world pointer
[2018.01.27-16.00.17:917][410]LogSpawn: Warning: Destroying None.None:None.ObstacleSlow8_874, which doesn't have a valid world pointer
[2018.01.27-16.00.17:917][410]LogSpawn: Warning: Destroying None.None:None.ObstacleSlow9_885, which doesn't have a valid world pointer
[2018.01.27-16.00.17:917][410]LogSpawn: Warning: Destroying None.None:None.ObstacleSlow10_896, which doesn't have a valid world pointer
[2018.01.27-16.00.17:917][410]LogSpawn: Warning: Destroying None.None:None.ObstacleSlow11_907, which doesn't have a valid world pointer
[2018.01.27-16.00.17:917][410]LogSpawn: Warning: Destroying None.None:None.ObstacleSlow12_918, which doesn't have a valid world pointer
[2018.01.27-16.00.17:917][410]LogSpawn: Warning: Destroying None.None:None.ObstacleSlow13_929, which doesn't have a valid world pointer
[2018.01.27-16.00.17:917][410]LogSpawn: Warning: Destroying None.None:None.ObstacleSlow14_940, which doesn't have a valid world pointer
[2018.01.27-16.00.17:917][410]LogSpawn: Warning: Destroying None.None:None.ObstacleSlow15_951, which doesn't have a valid world pointer
[2018.01.27-16.00.17:917][410]LogSpawn: Warning: Destroying None.None:None.ObstacleSlow16_962, which doesn't have a valid world pointer
[2018.01.27-16.00.17:917][410]LogSpawn: Warning: Destroying None.None:None.ObstacleSlow17_973, which doesn't have a valid world pointer
[2018.01.27-16.00.17:917][410]LogSpawn: Warning: Destroying None.None:None.ObstacleSlow18_984, which doesn't have a valid world pointer
[2018.01.27-16.00.17:930][410]LogExit: Editor shut down
[2018.01.27-16.00.17:932][410]LogExit: Transaction tracking system shut down
[2018.01.27-16.00.18:110][410]LogDirectoryWatcher: A directory notification for '../../../Engine/Content/' was aborted.
[2018.01.27-16.00.18:110][410]LogDirectoryWatcher: A directory notification for 'D:/Repositories/GGameJam2018/GGJ2018MA/Content/' was aborted.
[2018.01.27-16.00.18:110][410]LogDirectoryWatcher: A directory notification for '../../../Engine/Plugins/2D/Paper2D/Content/' was aborted.
[2018.01.27-16.00.18:110][410]LogDirectoryWatcher: A directory notification for '../../../Engine/Plugins/Media/MediaCompositing/Content/' was aborted.
[2018.01.27-16.00.18:111][410]LogDirectoryWatcher: A directory notification for '../../../Engine/Plugins/Runtime/AppleARKit/Content/' was aborted.
[2018.01.27-16.00.18:111][410]LogDirectoryWatcher: A directory notification for '../../../Engine/Plugins/Runtime/HoudiniEngine/Content/' was aborted.
[2018.01.27-16.00.18:111][410]LogDirectoryWatcher: A directory notification for '../../../Engine/Plugins/Runtime/Oculus/OculusVR/Content/' was aborted.
[2018.01.27-16.00.18:111][410]LogDirectoryWatcher: A directory notification for '../../../Engine/Plugins/Runtime/Steam/SteamVR/Content/' was aborted.
[2018.01.27-16.00.18:166][410]LogExit: Object subsystem successfully closed.
[2018.01.27-16.00.18:190][410]LogD3D11RHI: Shutdown
[2018.01.27-16.00.18:190][410]LogD3D11RHI: CleanupD3DDevice
[2018.01.27-16.00.18:192][410]LogD3D11RHI: ~FD3D11DynamicRHI
[2018.01.27-16.00.18:209][410]LogModuleManager: Shutting down and abandoning module MovieSceneCapture (554)
[2018.01.27-16.00.18:209][410]LogModuleManager: Shutting down and abandoning module HierarchicalLODOutliner (552)
[2018.01.27-16.00.18:209][410]LogModuleManager: Shutting down and abandoning module SceneOutliner (550)
[2018.01.27-16.00.18:209][410]LogModuleManager: Shutting down and abandoning module AddContentDialog (548)
[2018.01.27-16.00.18:209][410]LogDirectoryWatcher: A directory notification for 'C:/Program Files/Epic Games/UE_4.18/FeaturePacks/' was aborted.
[2018.01.27-16.00.18:210][410]LogModuleManager: Shutting down and abandoning module WidgetCarousel (547)
[2018.01.27-16.00.18:210][410]LogModuleManager: Shutting down and abandoning module EditorWidgets (544)
[2018.01.27-16.00.18:210][410]LogModuleManager: Shutting down and abandoning module CollectionManager (542)
[2018.01.27-16.00.18:210][410]LogDirectoryWatcher: A directory notification for 'D:/Repositories/GGameJam2018/GGJ2018MA/Content/Collections/' was aborted.
[2018.01.27-16.00.18:210][410]LogDirectoryWatcher: A directory notification for 'D:/Repositories/GGameJam2018/GGJ2018MA/Content/Developers/arjan/Collections/' was aborted.
[2018.01.27-16.00.18:210][410]LogDirectoryWatcher: A directory notification for 'D:/Repositories/GGameJam2018/GGJ2018MA/Saved/Collections/' was aborted.
[2018.01.27-16.00.18:210][410]LogModuleManager: Shutting down and abandoning module StatsViewer (540)
[2018.01.27-16.00.18:210][410]LogModuleManager: Shutting down and abandoning module FoliageEdit (538)
[2018.01.27-16.00.18:210][410]LogModuleManager: Shutting down and abandoning module LandscapeEditor (536)
[2018.01.27-16.00.18:211][410]LogModuleManager: Shutting down and abandoning module MeshPaintMode (534)
[2018.01.27-16.00.18:211][410]LogModuleManager: Shutting down and abandoning module SceneDepthPickerMode (532)
[2018.01.27-16.00.18:211][410]LogModuleManager: Shutting down and abandoning module ActorPickerMode (530)
[2018.01.27-16.00.18:211][410]LogModuleManager: Shutting down and abandoning module GeometryMode (528)
[2018.01.27-16.00.18:211][410]LogModuleManager: Shutting down and abandoning module TextureAlignMode (526)
[2018.01.27-16.00.18:211][410]LogModuleManager: Shutting down and abandoning module BspMode (524)
[2018.01.27-16.00.18:211][410]LogModuleManager: Shutting down and abandoning module PIEPreviewDeviceProfileSelector (522)
[2018.01.27-16.00.18:211][410]LogModuleManager: Shutting down and abandoning module HardwareSurvey (520)
[2018.01.27-16.00.18:211][410]LogModuleManager: Shutting down and abandoning module SequenceRecorderSections (518)
[2018.01.27-16.00.18:211][410]LogModuleManager: Shutting down and abandoning module AutomationWorker (516)
[2018.01.27-16.00.18:211][410]LogModuleManager: Shutting down and abandoning module HoudiniEngineEditor (514)
[2018.01.27-16.00.18:211][410]LogHoudiniEngineEditor: Shutting down the Houdini Engine Editor module.
[2018.01.27-16.00.18:211][410]LogModuleManager: Shutting down and abandoning module MatineeToLevelSequence (512)
[2018.01.27-16.00.18:211][410]LogModuleManager: Shutting down and abandoning module LevelSequenceEditor (510)
[2018.01.27-16.00.18:211][410]LogModuleManager: Shutting down and abandoning module PlacementMode (509)
[2018.01.27-16.00.18:211][410]LogModuleManager: Shutting down and abandoning module WmfMediaFactory (506)
[2018.01.27-16.00.18:211][410]LogModuleManager: Shutting down and abandoning module WmfMediaEditor (504)
[2018.01.27-16.00.18:211][410]LogModuleManager: Shutting down and abandoning module OpenExrWrapper (502)
[2018.01.27-16.00.18:211][410]LogModuleManager: Shutting down and abandoning module ImgMediaFactory (500)
[2018.01.27-16.00.18:211][410]LogModuleManager: Shutting down and abandoning module ImgMediaEditor (498)
[2018.01.27-16.00.18:211][410]LogModuleManager: Shutting down and abandoning module AvfMediaFactory (496)
[2018.01.27-16.00.18:211][410]LogModuleManager: Shutting down and abandoning module AvfMediaEditor (494)
[2018.01.27-16.00.18:211][410]LogModuleManager: Shutting down and abandoning module AndroidMediaFactory (492)
[2018.01.27-16.00.18:211][410]LogModuleManager: Shutting down and abandoning module AndroidMediaEditor (490)
[2018.01.27-16.00.18:211][410]LogModuleManager: Shutting down and abandoning module CharacterAI (488)
[2018.01.27-16.00.18:211][410]LogModuleManager: Shutting down and abandoning module AudioCapture (486)
[2018.01.27-16.00.18:211][410]LogModuleManager: Shutting down and abandoning module SequenceRecorder (485)
[2018.01.27-16.00.18:211][410]LogModuleManager: Shutting down and abandoning module SmartSnapping (482)
[2018.01.27-16.00.18:211][410]LogModuleManager: Shutting down and abandoning module SessionServices (480)
[2018.01.27-16.00.18:211][410]LogModuleManager: Shutting down and abandoning module ViewportSnapping (478)
[2018.01.27-16.00.18:211][410]LogModuleManager: Shutting down and abandoning module ViewportInteraction (476)
[2018.01.27-16.00.18:211][410]LogModuleManager: Shutting down and abandoning module ClothPainter (474)
[2018.01.27-16.00.18:211][410]LogModuleManager: Shutting down and abandoning module SkeletalMeshEditor (473)
[2018.01.27-16.00.18:212][410]LogModuleManager: Shutting down and abandoning module LogVisualizer (470)
[2018.01.27-16.00.18:212][410]LogModuleManager: Shutting down and abandoning module IntroTutorials (468)
[2018.01.27-16.00.18:212][410]LogModuleManager: Shutting down and abandoning module GameProjectGeneration (467)
[2018.01.27-16.00.18:212][410]LogModuleManager: Shutting down and abandoning module IOSPlatformEditor (464)
[2018.01.27-16.00.18:212][410]LogModuleManager: Shutting down and abandoning module HTML5PlatformEditor (462)
[2018.01.27-16.00.18:212][410]LogModuleManager: Shutting down and abandoning module AndroidPlatformEditor (460)
[2018.01.27-16.00.18:212][410]LogModuleManager: Shutting down and abandoning module AndroidDeviceDetection (459)
[2018.01.27-16.00.18:692][410]LogModuleManager: Shutting down and abandoning module WindowsPlatformEditor (456)
[2018.01.27-16.00.18:692][410]LogModuleManager: Shutting down and abandoning module IOSRuntimeSettings (454)
[2018.01.27-16.00.18:692][410]LogModuleManager: Shutting down and abandoning module AndroidRuntimeSettings (452)
[2018.01.27-16.00.18:692][410]LogModuleManager: Shutting down and abandoning module InputBindingEditor (450)
[2018.01.27-16.00.18:692][410]LogModuleManager: Shutting down and abandoning module MergeActors (448)
[2018.01.27-16.00.18:692][410]LogModuleManager: Shutting down and abandoning module SizeMap (446)
[2018.01.27-16.00.18:692][410]LogModuleManager: Shutting down and abandoning module TreeMap (444)
[2018.01.27-16.00.18:693][410]LogModuleManager: Shutting down and abandoning module ReferenceViewer (442)
[2018.01.27-16.00.18:693][410]LogModuleManager: Shutting down and abandoning module LocalizationDashboard (440)
[2018.01.27-16.00.18:693][410]LogModuleManager: Shutting down and abandoning module LocalizationService (439)
[2018.01.27-16.00.18:693][410]LogModuleManager: Shutting down and abandoning module HardwareTargeting (436)
[2018.01.27-16.00.18:693][410]LogModuleManager: Shutting down and abandoning module DeviceProfileEditor (434)
[2018.01.27-16.00.18:693][410]LogModuleManager: Shutting down and abandoning module UndoHistory (432)
[2018.01.27-16.00.18:693][410]LogModuleManager: Shutting down and abandoning module XmlParser (430)
[2018.01.27-16.00.18:693][410]LogModuleManager: Shutting down and abandoning module Blutility (428)
[2018.01.27-16.00.18:693][410]LogModuleManager: Shutting down and abandoning module ProjectSettingsViewer (426)
[2018.01.27-16.00.18:693][410]LogModuleManager: Shutting down and abandoning module ProjectTargetPlatformEditor (425)
[2018.01.27-16.00.18:693][410]LogModuleManager: Shutting down and abandoning module EditorSettingsViewer (422)
[2018.01.27-16.00.18:693][410]LogModuleManager: Shutting down and abandoning module SettingsEditor (420)
[2018.01.27-16.00.18:693][410]LogModuleManager: Shutting down and abandoning module ProjectLauncher (418)
[2018.01.27-16.00.18:693][410]LogModuleManager: Shutting down and abandoning module SessionFrontend (416)
[2018.01.27-16.00.18:693][410]LogModuleManager: Shutting down and abandoning module ProfilerClient (414)
[2018.01.27-16.00.18:693][410]LogModuleManager: Shutting down and abandoning module DeviceManager (412)
[2018.01.27-16.00.18:693][410]LogModuleManager: Shutting down and abandoning module TargetDeviceServices (411)
[2018.01.27-16.00.18:746][410]LogModuleManager: Shutting down and abandoning module AutomationController (408)
[2018.01.27-16.00.18:746][410]LogModuleManager: Shutting down and abandoning module AutomationWindow (406)
[2018.01.27-16.00.18:746][410]LogModuleManager: Shutting down and abandoning module Layers (404)
[2018.01.27-16.00.18:746][410]LogModuleManager: Shutting down and abandoning module ComponentVisualizers (402)
[2018.01.27-16.00.18:746][410]LogModuleManager: Shutting down and abandoning module DetailCustomizations (400)
[2018.01.27-16.00.18:746][410]LogModuleManager: Shutting down and abandoning module PackagesDialog (398)
[2018.01.27-16.00.18:746][410]LogModuleManager: Shutting down and abandoning module Persona (396)
[2018.01.27-16.00.18:746][410]LogModuleManager: Shutting down and abandoning module AdvancedPreviewScene (395)
[2018.01.27-16.00.18:746][410]LogModuleManager: Shutting down and abandoning module AnimGraph (393)
[2018.01.27-16.00.18:746][410]LogModuleManager: Shutting down and abandoning module Kismet (390)
[2018.01.27-16.00.18:747][410]LogModuleManager: Shutting down and abandoning module ClassViewer (388)
[2018.01.27-16.00.18:747][410]LogModuleManager: Shutting down and abandoning module Toolbox (386)
[2018.01.27-16.00.18:747][410]LogModuleManager: Shutting down and abandoning module ModuleUI (384)
[2018.01.27-16.00.18:747][410]LogModuleManager: Shutting down and abandoning module MovieSceneTools (382)
[2018.01.27-16.00.18:747][410]LogModuleManager: Shutting down and abandoning module OutputLog (380)
[2018.01.27-16.00.18:747][410]LogModuleManager: Shutting down and abandoning module GammaUI (378)
[2018.01.27-16.00.18:747][410]LogModuleManager: Shutting down and abandoning module Documentation (376)
[2018.01.27-16.00.18:747][410]LogModuleManager: Shutting down and abandoning module MovieSceneTracks (374)
[2018.01.27-16.00.18:747][410]LogModuleManager: Shutting down and abandoning module MovieScene (372)
[2018.01.27-16.00.18:747][410]LogModuleManager: Shutting down and abandoning module StreamingPauseRendering (370)
[2018.01.27-16.00.18:747][410]LogModuleManager: Shutting down and abandoning module LauncherPlatform (368)
[2018.01.27-16.00.18:747][410]LogModuleManager: Shutting down and abandoning module AnalyticsET (366)
[2018.01.27-16.00.18:747][410]LogModuleManager: Shutting down and abandoning module PortalServices (364)
[2018.01.27-16.00.18:747][410]LogModuleManager: Shutting down and abandoning module PortalRpc (362)
[2018.01.27-16.00.18:747][410]LogModuleManager: Shutting down and abandoning module MessagingRpc (360)
[2018.01.27-16.00.18:747][410]LogModuleManager: Shutting down and abandoning module AIModule (358)
[2018.01.27-16.00.18:747][410]LogModuleManager: Shutting down and abandoning module GameplayDebugger (357)
[2018.01.27-16.00.18:747][410]LogModuleManager: Shutting down and abandoning module AITestSuite (355)
[2018.01.27-16.00.18:747][410]LogModuleManager: Shutting down and abandoning module DesktopPlatform (352)
[2018.01.27-16.00.18:747][410]LogModuleManager: Shutting down and abandoning module ProfilerService (350)
[2018.01.27-16.00.18:800][410]LogModuleManager: Shutting down and abandoning module TaskGraph (348)
[2018.01.27-16.00.18:800][410]LogModuleManager: Shutting down and abandoning module SteamVRController (346)
[2018.01.27-16.00.18:800][410]LogModuleManager: Shutting down and abandoning module ProceduralMeshComponentEditor (344)
[2018.01.27-16.00.18:800][410]LogModuleManager: Shutting down and abandoning module ProceduralMeshComponent (342)
[2018.01.27-16.00.18:800][410]LogModuleManager: Shutting down and abandoning module OculusInput (340)
[2018.01.27-16.00.18:800][410]LogModuleManager: Shutting down and abandoning module MobilePatchingUtils (338)
[2018.01.27-16.00.18:800][410]LogModuleManager: Shutting down and abandoning module HoudiniEngineRuntime (336)
[2018.01.27-16.00.18:801][410]LogHoudiniEngine: Shutting down the Houdini Engine module.
[2018.01.27-16.00.18:803][410]LogModuleManager: Shutting down and abandoning module CustomMeshComponent (334)
[2018.01.27-16.00.18:803][410]LogModuleManager: Shutting down and abandoning module CableComponent (332)
[2018.01.27-16.00.18:803][410]LogModuleManager: Shutting down and abandoning module ArchVisCharacter (330)
[2018.01.27-16.00.18:803][410]LogModuleManager: Shutting down and abandoning module AndroidPermission (328)
[2018.01.27-16.00.18:803][410]LogModuleManager: Shutting down and abandoning module ActorSequence (324)
[2018.01.27-16.00.18:803][410]LogModuleManager: Shutting down and abandoning module MediaPlayerEditor (322)
[2018.01.27-16.00.18:803][410]LogModuleManager: Shutting down and abandoning module MediaCompositingEditor (320)
[2018.01.27-16.00.18:803][410]LogModuleManager: Shutting down and abandoning module MediaCompositing (318)
[2018.01.27-16.00.18:803][410]LogModuleManager: Shutting down and abandoning module HTML5Networking (316)
[2018.01.27-16.00.18:803][410]LogModuleManager: Shutting down and abandoning module AlembicImporter (314)
[2018.01.27-16.00.18:803][410]LogModuleManager: Shutting down and abandoning module AlembicLibrary (313)
[2018.01.27-16.00.18:803][410]LogModuleManager: Shutting down and abandoning module GeometryCache (312)
[2018.01.27-16.00.18:803][410]LogModuleManager: Shutting down and abandoning module GeometryCacheEd (311)
[2018.01.27-16.00.18:804][410]LogModuleManager: Shutting down and abandoning module SpeedTreeImporter (306)
[2018.01.27-16.00.18:804][410]LogModuleManager: Shutting down and abandoning module PluginBrowser (304)
[2018.01.27-16.00.18:804][410]LogModuleManager: Shutting down and abandoning module MobileLauncherProfileWizard (302)
[2018.01.27-16.00.18:804][410]LogModuleManager: Shutting down and abandoning module VisualStudioSourceCodeAccess (300)
[2018.01.27-16.00.18:804][410]LogModuleManager: Shutting down and abandoning module VisualStudioCodeSourceCodeAccess (298)
[2018.01.27-16.00.18:804][410]LogModuleManager: Shutting down and abandoning module UObjectPlugin (296)
[2018.01.27-16.00.18:804][410]LogModuleManager: Shutting down and abandoning module SubversionSourceControl (294)
[2018.01.27-16.00.18:804][410]LogModuleManager: Shutting down and abandoning module PerforceSourceControl (292)
[2018.01.27-16.00.18:804][410]LogModuleManager: Shutting down and abandoning module GitSourceControl (290)
[2018.01.27-16.00.18:804][410]LogModuleManager: Shutting down and abandoning module SourceControl (289)
[2018.01.27-16.00.18:804][410]LogModuleManager: Shutting down and abandoning module LightPropagationVolumeEditor (286)
[2018.01.27-16.00.18:804][410]LogModuleManager: Shutting down and abandoning module PaperTiledImporter (284)
[2018.01.27-16.00.18:804][410]LogModuleManager: Shutting down and abandoning module PaperSpriteSheetImporter (282)
[2018.01.27-16.00.18:804][410]LogModuleManager: Shutting down and abandoning module Paper2DEditor (280)
[2018.01.27-16.00.18:804][410]LogModuleManager: Shutting down and abandoning module MeshPaint (279)
[2018.01.27-16.00.18:804][410]LogModuleManager: Shutting down and abandoning module LevelEditor (277)
[2018.01.27-16.00.18:806][410]LogModuleManager: Shutting down and abandoning module PixelInspectorModule (276)
[2018.01.27-16.00.18:806][410]LogModuleManager: Shutting down and abandoning module MainFrame (274)
[2018.01.27-16.00.18:806][410]LogModuleManager: Shutting down and abandoning module HotReload (273)
[2018.01.27-16.00.18:806][410]LogModuleManager: Shutting down and abandoning module RuntimePhysXCooking (268)
[2018.01.27-16.00.18:806][410]LogModuleManager: Shutting down and abandoning module PhysXVehiclesEditor (266)
[2018.01.27-16.00.18:806][410]LogModuleManager: Shutting down and abandoning module PhysXVehicles (264)
[2018.01.27-16.00.18:806][410]LogModuleManager: Shutting down and abandoning module OculusEditor (262)
[2018.01.27-16.00.18:806][410]LogModuleManager: Shutting down and abandoning module LocationServicesBPLibrary (260)
[2018.01.27-16.00.18:806][410]LogModuleManager: Shutting down and abandoning module ImmediatePhysicsEditor (258)
[2018.01.27-16.00.18:806][410]LogModuleManager: Shutting down and abandoning module ImmediatePhysics (256)
[2018.01.27-16.00.18:806][410]LogModuleManager: Shutting down and abandoning module UdpMessaging (254)
[2018.01.27-16.00.18:907][410]LogModuleManager: Shutting down and abandoning module TcpMessaging (252)
[2018.01.27-16.00.19:008][410]LogModuleManager: Shutting down and abandoning module GameplayTagsEditor (250)
[2018.01.27-16.00.19:008][410]LogModuleManager: Shutting down and abandoning module FacialAnimationEditor (248)
[2018.01.27-16.00.19:008][410]LogModuleManager: Shutting down and abandoning module FacialAnimation (246)
[2018.01.27-16.00.19:008][410]LogModuleManager: Shutting down and abandoning module AssetManagerEditor (244)
[2018.01.27-16.00.19:008][410]LogModuleManager: Shutting down and abandoning module GraphEditor (243)
[2018.01.27-16.00.19:008][410]LogModuleManager: Shutting down and abandoning module ContentBrowser (241)
[2018.01.27-16.00.19:009][410]LogModuleManager: Shutting down and abandoning module LightPropagationVolumeRuntime (238)
[2018.01.27-16.00.19:009][410]LogModuleManager: Shutting down and abandoning module Paper2D (236)
[2018.01.27-16.00.19:009][410]LogModuleManager: Shutting down and abandoning module WindowsMoviePlayer (234)
[2018.01.27-16.00.19:009][410]LogModuleManager: Shutting down and abandoning module WmfMedia (232)
[2018.01.27-16.00.19:014][410]LogModuleManager: Shutting down and abandoning module ImgMedia (230)
[2018.01.27-16.00.19:014][410]LogModuleManager: Shutting down and abandoning module PacketHandler (228)
[2018.01.27-16.00.19:014][410]LogModuleManager: Shutting down and abandoning module ClothingSystemEditor (226)
[2018.01.27-16.00.19:014][410]LogModuleManager: Shutting down and abandoning module ClothingSystemRuntime (224)
[2018.01.27-16.00.19:014][410]LogModuleManager: Shutting down and abandoning module MediaAssets (222)
[2018.01.27-16.00.19:014][410]LogModuleManager: Shutting down and abandoning module Media (221)
[2018.01.27-16.00.19:021][410]LogModuleManager: Shutting down and abandoning module Overlay (218)
[2018.01.27-16.00.19:021][410]LogModuleManager: Shutting down and abandoning module OverlayEditor (217)
[2018.01.27-16.00.19:021][410]LogModuleManager: Shutting down and abandoning module VREditor (214)
[2018.01.27-16.00.19:021][410]LogModuleManager: Shutting down and abandoning module StringTableEditor (212)
[2018.01.27-16.00.19:021][410]LogModuleManager: Shutting down and abandoning module GameplayTasksEditor (210)
[2018.01.27-16.00.19:021][410]LogModuleManager: Shutting down and abandoning module BehaviorTreeEditor (208)
[2018.01.27-16.00.19:021][410]LogModuleManager: Shutting down and abandoning module FunctionalTesting (206)
[2018.01.27-16.00.19:021][410]LogModuleManager: Shutting down and abandoning module CollisionAnalyzer (204)
[2018.01.27-16.00.19:021][410]LogModuleManager: Shutting down and abandoning module WorkspaceMenuStructure (203)
[2018.01.27-16.00.19:021][410]LogModuleManager: Shutting down and abandoning module UMG (200)
[2018.01.27-16.00.19:021][410]LogModuleManager: Shutting down and abandoning module UMGEditor (199)
[2018.01.27-16.00.19:021][410]LogModuleManager: Shutting down and abandoning module Sequencer (198)
[2018.01.27-16.00.19:021][410]LogModuleManager: Shutting down and abandoning module MessageLog (195)
[2018.01.27-16.00.19:021][410]LogModuleManager: Shutting down and abandoning module SlateReflector (190)
[2018.01.27-16.00.19:021][410]LogModuleManager: Shutting down and abandoning module Slate (188)
[2018.01.27-16.00.19:021][410]LogModuleManager: Shutting down and abandoning module EditorStyle (186)
[2018.01.27-16.00.19:024][410]LogModuleManager: Shutting down and abandoning module MRMesh (184)
[2018.01.27-16.00.19:024][410]LogModuleManager: Shutting down and abandoning module SourceCodeAccess (182)
[2018.01.27-16.00.19:024][410]LogModuleManager: Shutting down and abandoning module HeadMountedDisplay (180)
[2018.01.27-16.00.19:024][410]LogModuleManager: Shutting down and abandoning module XAudio2 (178)
[2018.01.27-16.00.19:024][410]LogModuleManager: Shutting down and abandoning module Networking (176)
[2018.01.27-16.00.19:024][410]LogModuleManager: Shutting down and abandoning module Core (172)
[2018.01.27-16.00.19:024][410]LogModuleManager: Shutting down and abandoning module LevelSequence (168)
[2018.01.27-16.00.19:024][410]LogModuleManager: Shutting down and abandoning module DirectoryWatcher (166)
[2018.01.27-16.00.19:024][410]LogModuleManager: Shutting down and abandoning module KismetCompiler (164)
[2018.01.27-16.00.19:024][410]LogModuleManager: Shutting down and abandoning module MeshUtilities (162)
[2018.01.27-16.00.19:025][410]LogModuleManager: Shutting down and abandoning module MeshMergeUtilities (161)
[2018.01.27-16.00.19:025][410]LogModuleManager: Shutting down and abandoning module MeshReductionInterface (160)
[2018.01.27-16.00.19:025][410]LogModuleManager: Shutting down and abandoning module SimplygonSwarm (159)
[2018.01.27-16.00.19:025][410]LogModuleManager: Shutting down and abandoning module SimplygonMeshReduction (157)
[2018.01.27-16.00.19:025][410]LogModuleManager: Shutting down and abandoning module QuadricMeshReduction (155)
[2018.01.27-16.00.19:025][410]LogModuleManager: Shutting down and abandoning module MaterialBaking (151)
[2018.01.27-16.00.19:025][410]LogModuleManager: Shutting down and abandoning module DerivedDataCache (148)
[2018.01.27-16.00.19:052][410]LogDerivedDataCache: Shutdown
[2018.01.27-16.00.19:052][410]LogModuleManager: Shutting down and abandoning module TargetPlatform (146)
[2018.01.27-16.00.19:052][410]LogModuleManager: Shutting down and abandoning module VulkanShaderFormat (145)
[2018.01.27-16.00.19:052][410]LogModuleManager: Shutting down and abandoning module ShaderFormatVectorVM (143)
[2018.01.27-16.00.19:052][410]LogModuleManager: Shutting down and abandoning module ShaderFormatOpenGL (141)
[2018.01.27-16.00.19:052][410]LogModuleManager: Shutting down and abandoning module ShaderFormatD3D (139)
[2018.01.27-16.00.19:052][410]LogModuleManager: Shutting down and abandoning module MetalShaderFormat (137)
[2018.01.27-16.00.19:052][410]LogModuleManager: Shutting down and abandoning module TextureFormatUncompressed (135)
[2018.01.27-16.00.19:052][410]LogModuleManager: Shutting down and abandoning module TextureFormatPVR (133)
[2018.01.27-16.00.19:052][410]LogModuleManager: Shutting down and abandoning module TextureFormatDXT (131)
[2018.01.27-16.00.19:052][410]LogModuleManager: Shutting down and abandoning module TextureFormatIntelISPCTexComp (129)
[2018.01.27-16.00.19:052][410]LogModuleManager: Shutting down and abandoning module TextureFormatASTC (127)
[2018.01.27-16.00.19:052][410]LogModuleManager: Shutting down and abandoning module ImageWrapper (126)
[2018.01.27-16.00.19:052][410]LogModuleManager: Shutting down and abandoning module TextureFormatAndroid (123)
[2018.01.27-16.00.19:052][410]LogModuleManager: Shutting down and abandoning module AudioFormatOpus (121)
[2018.01.27-16.00.19:052][410]LogModuleManager: Shutting down and abandoning module AudioFormatOgg (119)
[2018.01.27-16.00.19:052][410]LogModuleManager: Shutting down and abandoning module AudioFormatADPCM (117)
[2018.01.27-16.00.19:052][410]LogModuleManager: Shutting down and abandoning module LinuxTargetPlatform (115)
[2018.01.27-16.00.19:052][410]LogModuleManager: Shutting down and abandoning module LinuxServerTargetPlatform (113)
[2018.01.27-16.00.19:052][410]LogModuleManager: Shutting down and abandoning module LinuxNoEditorTargetPlatform (111)
[2018.01.27-16.00.19:053][410]LogModuleManager: Shutting down and abandoning module LinuxClientTargetPlatform (109)
[2018.01.27-16.00.19:053][410]LogModuleManager: Shutting down and abandoning module TVOSTargetPlatform (107)
[2018.01.27-16.00.19:053][410]LogModuleManager: Shutting down and abandoning module Messaging (105)
[2018.01.27-16.00.19:053][410]LogModuleManager: Shutting down and abandoning module IOSTargetPlatform (103)
[2018.01.27-16.00.19:053][410]LogModuleManager: Shutting down and abandoning module HTML5TargetPlatform (101)
[2018.01.27-16.00.19:053][410]LogModuleManager: Shutting down and abandoning module AndroidTargetPlatform (99)
[2018.01.27-16.00.19:053][410]LogModuleManager: Shutting down and abandoning module Android_PVRTCTargetPlatform (97)
[2018.01.27-16.00.19:053][410]LogModuleManager: Shutting down and abandoning module Android_MultiTargetPlatform (95)
[2018.01.27-16.00.19:053][410]LogModuleManager: Shutting down and abandoning module Android_ETC2TargetPlatform (93)
[2018.01.27-16.00.19:053][410]LogModuleManager: Shutting down and abandoning module Android_ETC1TargetPlatform (91)
[2018.01.27-16.00.19:053][410]LogModuleManager: Shutting down and abandoning module Android_DXTTargetPlatform (89)
[2018.01.27-16.00.19:053][410]LogModuleManager: Shutting down and abandoning module Android_ATCTargetPlatform (87)
[2018.01.27-16.00.19:053][410]LogModuleManager: Shutting down and abandoning module Android_ASTCTargetPlatform (85)
[2018.01.27-16.00.19:053][410]LogModuleManager: Shutting down and abandoning module WindowsTargetPlatform (83)
[2018.01.27-16.00.19:053][410]LogModuleManager: Shutting down and abandoning module WindowsServerTargetPlatform (81)
[2018.01.27-16.00.19:053][410]LogModuleManager: Shutting down and abandoning module WindowsNoEditorTargetPlatform (79)
[2018.01.27-16.00.19:053][410]LogModuleManager: Shutting down and abandoning module WindowsClientTargetPlatform (77)
[2018.01.27-16.00.19:053][410]LogModuleManager: Shutting down and abandoning module MacTargetPlatform (75)
[2018.01.27-16.00.19:054][410]LogModuleManager: Shutting down and abandoning module MacServerTargetPlatform (73)
[2018.01.27-16.00.19:054][410]LogModuleManager: Shutting down and abandoning module MacNoEditorTargetPlatform (71)
[2018.01.27-16.00.19:054][410]LogModuleManager: Shutting down and abandoning module MacClientTargetPlatform (69)
[2018.01.27-16.00.19:054][410]LogModuleManager: Shutting down and abandoning module AllDesktopTargetPlatform (67)
[2018.01.27-16.00.19:054][410]LogModuleManager: Shutting down and abandoning module InputCore (64)
[2018.01.27-16.00.19:054][410]LogModuleManager: Shutting down and abandoning module Settings (62)
[2018.01.27-16.00.19:054][410]LogModuleManager: Shutting down and abandoning module PhysXCooking (60)
[2018.01.27-16.00.19:054][410]LogModuleManager: Shutting down and abandoning module SteamVR (58)
[2018.01.27-16.00.19:054][410]LogModuleManager: Shutting down and abandoning module OculusHMD (56)
[2018.01.27-16.00.19:054][410]LogModuleManager: Shutting down and abandoning module ExampleDeviceProfileSelector (54)
[2018.01.27-16.00.19:054][410]LogModuleManager: Shutting down and abandoning module AppleARKit (52)
[2018.01.27-16.00.19:054][410]LogModuleManager: Shutting down and abandoning module AugmentedReality (51)
[2018.01.27-16.00.19:054][410]LogModuleManager: Shutting down and abandoning module OnlineBlueprintSupport (48)
[2018.01.27-16.00.19:054][410]LogModuleManager: Shutting down and abandoning module OnlineSubsystem (44)
[2018.01.27-16.00.19:054][410]LogModuleManager: Shutting down and abandoning module XMPP (43)
[2018.01.27-16.00.19:054][410]LogModuleManager: Shutting down and abandoning module HTTP (41)
[2018.01.27-16.00.19:054][410]LogHttp: Display: Http module shutting down, but needs to wait on 1 outstanding Http requests:
[2018.01.27-16.00.19:054][410]LogHttp: Display: 	verb=[POST] url=[https://datarouter.ol.epicgames.com/datarouter/api/v1/public/data?SessionID=%7BCD3B9F7F-40F1-53A8-2665-44BF2C730F64%7D&AppID=UEEditor.Rocket.Release&AppVersion=4.18.3-3832480%2B%2B%2BUE4%2BRelease-4.18&UserID=1af660034e730fd132624197ce516ff5%7C5f9a70ab0efe43fab2a07edc59a85ee7%7Ca0c3d166-6965-4968-a4e1-c13ec44fdd59&AppEnvironment=datacollector-binary&UploadType=eteventstream] status=Processing
[2018.01.27-16.00.19:088][410]LogModuleManager: Shutting down and abandoning module SSL (40)
[2018.01.27-16.00.19:090][410]LogModuleManager: Shutting down and abandoning module AnimationModifiers (36)
[2018.01.27-16.00.19:090][410]LogModuleManager: Shutting down and abandoning module PropertyEditor (35)
[2018.01.27-16.00.19:090][410]LogModuleManager: Shutting down and abandoning module AudioEditor (32)
[2018.01.27-16.00.19:090][410]LogModuleManager: Shutting down and abandoning module TextureCompressor (30)
[2018.01.27-16.00.19:090][410]LogModuleManager: Shutting down and abandoning module ShaderCore (28)
[2018.01.27-16.00.19:090][410]LogModuleManager: Shutting down and abandoning module Landscape (26)
[2018.01.27-16.00.19:090][410]LogModuleManager: Shutting down and abandoning module SlateRHIRenderer (24)
[2018.01.27-16.00.19:091][410]LogModuleManager: Shutting down and abandoning module OpenGLDrv (22)
[2018.01.27-16.00.19:091][410]LogModuleManager: Shutting down and abandoning module D3D11RHI (20)
[2018.01.27-16.00.19:091][410]LogModuleManager: Shutting down and abandoning module AnimGraphRuntime (18)
[2018.01.27-16.00.19:091][410]LogModuleManager: Shutting down and abandoning module Renderer (16)
[2018.01.27-16.00.19:091][410]LogModuleManager: Shutting down and abandoning module Engine (14)
[2018.01.27-16.00.19:091][410]LogModuleManager: Shutting down and abandoning module CoreUObject (12)
[2018.01.27-16.00.19:091][410]LogModuleManager: Shutting down and abandoning module NetworkFile (10)
[2018.01.27-16.00.19:091][410]LogModuleManager: Shutting down and abandoning module CookedIterativeFile (8)
[2018.01.27-16.00.19:091][410]LogModuleManager: Shutting down and abandoning module StreamingFile (6)
[2018.01.27-16.00.19:091][410]LogModuleManager: Shutting down and abandoning module SandboxFile (4)
[2018.01.27-16.00.19:091][410]LogModuleManager: Shutting down and abandoning module PakFile (2)
[2018.01.27-16.00.19:099][410]LogExit: Exiting.
[2018.01.27-16.00.19:117][410]Log file closed, 01/27/18 17:00:19
